running egg_info
creating ../../build/drone_failsafe/drone_failsafe.egg-info
writing ../../build/drone_failsafe/drone_failsafe.egg-info/PKG-INFO
writing dependency_links to ../../build/drone_failsafe/drone_failsafe.egg-info/dependency_links.txt
writing entry points to ../../build/drone_failsafe/drone_failsafe.egg-info/entry_points.txt
writing requirements to ../../build/drone_failsafe/drone_failsafe.egg-info/requires.txt
writing top-level names to ../../build/drone_failsafe/drone_failsafe.egg-info/top_level.txt
writing manifest file '../../build/drone_failsafe/drone_failsafe.egg-info/SOURCES.txt'
reading manifest file '../../build/drone_failsafe/drone_failsafe.egg-info/SOURCES.txt'
writing manifest file '../../build/drone_failsafe/drone_failsafe.egg-info/SOURCES.txt'
running build
running build_py
creating /home/enovo_my/autonomous_drone_system/build/drone_failsafe/build
creating /home/enovo_my/autonomous_drone_system/build/drone_failsafe/build/lib
creating /home/enovo_my/autonomous_drone_system/build/drone_failsafe/build/lib/drone_failsafe
copying drone_failsafe/__init__.py -> /home/enovo_my/autonomous_drone_system/build/drone_failsafe/build/lib/drone_failsafe
copying drone_failsafe/failsafe_node.py -> /home/enovo_my/autonomous_drone_system/build/drone_failsafe/build/lib/drone_failsafe
running install
running install_lib
creating /home/enovo_my/autonomous_drone_system/install/drone_failsafe/lib/python3.10/site-packages/drone_failsafe
copying /home/enovo_my/autonomous_drone_system/build/drone_failsafe/build/lib/drone_failsafe/__init__.py -> /home/enovo_my/autonomous_drone_system/install/drone_failsafe/lib/python3.10/site-packages/drone_failsafe
copying /home/enovo_my/autonomous_drone_system/build/drone_failsafe/build/lib/drone_failsafe/failsafe_node.py -> /home/enovo_my/autonomous_drone_system/install/drone_failsafe/lib/python3.10/site-packages/drone_failsafe
byte-compiling /home/enovo_my/autonomous_drone_system/install/drone_failsafe/lib/python3.10/site-packages/drone_failsafe/__init__.py to __init__.cpython-310.pyc
byte-compiling /home/enovo_my/autonomous_drone_system/install/drone_failsafe/lib/python3.10/site-packages/drone_failsafe/failsafe_node.py to failsafe_node.cpython-310.pyc
running install_data
creating /home/enovo_my/autonomous_drone_system/install/drone_failsafe/share/ament_index
creating /home/enovo_my/autonomous_drone_system/install/drone_failsafe/share/ament_index/resource_index
creating /home/enovo_my/autonomous_drone_system/install/drone_failsafe/share/ament_index/resource_index/packages
copying resource/drone_failsafe -> /home/enovo_my/autonomous_drone_system/install/drone_failsafe/share/ament_index/resource_index/packages
copying package.xml -> /home/enovo_my/autonomous_drone_system/install/drone_failsafe/share/drone_failsafe
running install_egg_info
Copying ../../build/drone_failsafe/drone_failsafe.egg-info to /home/enovo_my/autonomous_drone_system/install/drone_failsafe/lib/python3.10/site-packages/drone_failsafe-0.1.0-py3.10.egg-info
running install_scripts
Installing drone_failsafe script to /home/enovo_my/autonomous_drone_system/install/drone_failsafe/lib/drone_failsafe
writing list of installed files to '/home/enovo_my/autonomous_drone_system/build/drone_failsafe/install.log'
