[8.474s] Invoking command in '/home/enovo_my/autonomous_drone_system/src/drone_failsafe': PYTHONPATH=/home/enovo_my/autonomous_drone_system/build/drone_failsafe/prefix_override:/usr/lib/python3/dist-packages/colcon_core/task/python/colcon_distutils_commands:/home/enovo_my/autonomous_drone_system/install/drone_failsafe/lib/python3.10/site-packages:${PYTHONPATH} /usr/bin/python3 -W ignore:setup.py install is deprecated -W ignore:easy_install command is deprecated setup.py egg_info --egg-base ../../build/drone_failsafe build --build-base /home/enovo_my/autonomous_drone_system/build/drone_failsafe/build install --record /home/enovo_my/autonomous_drone_system/build/drone_failsafe/install.log --single-version-externally-managed install_data
[10.553s] running egg_info
[10.553s] writing ../../build/drone_failsafe/drone_failsafe.egg-info/PKG-INFO
[10.554s] writing dependency_links to ../../build/drone_failsafe/drone_failsafe.egg-info/dependency_links.txt
[10.554s] writing entry points to ../../build/drone_failsafe/drone_failsafe.egg-info/entry_points.txt
[10.554s] writing requirements to ../../build/drone_failsafe/drone_failsafe.egg-info/requires.txt
[10.554s] writing top-level names to ../../build/drone_failsafe/drone_failsafe.egg-info/top_level.txt
[10.574s] reading manifest file '../../build/drone_failsafe/drone_failsafe.egg-info/SOURCES.txt'
[10.575s] writing manifest file '../../build/drone_failsafe/drone_failsafe.egg-info/SOURCES.txt'
[10.579s] running build
[10.580s] running build_py
[10.580s] running install
[10.584s] running install_lib
[10.596s] running install_data
[10.613s] running install_egg_info
[10.614s] removing '/home/enovo_my/autonomous_drone_system/install/drone_failsafe/lib/python3.10/site-packages/drone_failsafe-0.1.0-py3.10.egg-info' (and everything under it)
[10.619s] Copying ../../build/drone_failsafe/drone_failsafe.egg-info to /home/enovo_my/autonomous_drone_system/install/drone_failsafe/lib/python3.10/site-packages/drone_failsafe-0.1.0-py3.10.egg-info
[10.649s] running install_scripts
[10.758s] Installing drone_failsafe script to /home/enovo_my/autonomous_drone_system/install/drone_failsafe/lib/drone_failsafe
[10.760s] writing list of installed files to '/home/enovo_my/autonomous_drone_system/build/drone_failsafe/install.log'
[10.930s] Invoked command in '/home/enovo_my/autonomous_drone_system/src/drone_failsafe' returned '0': PYTHONPATH=/home/enovo_my/autonomous_drone_system/build/drone_failsafe/prefix_override:/usr/lib/python3/dist-packages/colcon_core/task/python/colcon_distutils_commands:/home/enovo_my/autonomous_drone_system/install/drone_failsafe/lib/python3.10/site-packages:${PYTHONPATH} /usr/bin/python3 -W ignore:setup.py install is deprecated -W ignore:easy_install command is deprecated setup.py egg_info --egg-base ../../build/drone_failsafe build --build-base /home/enovo_my/autonomous_drone_system/build/drone_failsafe/build install --record /home/enovo_my/autonomous_drone_system/build/drone_failsafe/install.log --single-version-externally-managed install_data
