running egg_info
creating ../../build/drone_sitl/drone_sitl.egg-info
writing ../../build/drone_sitl/drone_sitl.egg-info/PKG-INFO
writing dependency_links to ../../build/drone_sitl/drone_sitl.egg-info/dependency_links.txt
writing entry points to ../../build/drone_sitl/drone_sitl.egg-info/entry_points.txt
writing requirements to ../../build/drone_sitl/drone_sitl.egg-info/requires.txt
writing top-level names to ../../build/drone_sitl/drone_sitl.egg-info/top_level.txt
writing manifest file '../../build/drone_sitl/drone_sitl.egg-info/SOURCES.txt'
reading manifest file '../../build/drone_sitl/drone_sitl.egg-info/SOURCES.txt'
writing manifest file '../../build/drone_sitl/drone_sitl.egg-info/SOURCES.txt'
running build
running build_py
creating /home/enovo_my/autonomous_drone_system/build/drone_sitl/build
creating /home/enovo_my/autonomous_drone_system/build/drone_sitl/build/lib
creating /home/enovo_my/autonomous_drone_system/build/drone_sitl/build/lib/drone_sitl
copying drone_sitl/__init__.py -> /home/enovo_my/autonomous_drone_system/build/drone_sitl/build/lib/drone_sitl
running install
running install_lib
creating /home/enovo_my/autonomous_drone_system/install/drone_sitl/lib/python3.10/site-packages/drone_sitl
copying /home/enovo_my/autonomous_drone_system/build/drone_sitl/build/lib/drone_sitl/__init__.py -> /home/enovo_my/autonomous_drone_system/install/drone_sitl/lib/python3.10/site-packages/drone_sitl
byte-compiling /home/enovo_my/autonomous_drone_system/install/drone_sitl/lib/python3.10/site-packages/drone_sitl/__init__.py to __init__.cpython-310.pyc
running install_data
creating /home/enovo_my/autonomous_drone_system/install/drone_sitl/share/ament_index
creating /home/enovo_my/autonomous_drone_system/install/drone_sitl/share/ament_index/resource_index
creating /home/enovo_my/autonomous_drone_system/install/drone_sitl/share/ament_index/resource_index/packages
copying resource/drone_sitl -> /home/enovo_my/autonomous_drone_system/install/drone_sitl/share/ament_index/resource_index/packages
copying package.xml -> /home/enovo_my/autonomous_drone_system/install/drone_sitl/share/drone_sitl
creating /home/enovo_my/autonomous_drone_system/install/drone_sitl/share/drone_sitl/launch
copying launch/sitl_full.launch.py -> /home/enovo_my/autonomous_drone_system/install/drone_sitl/share/drone_sitl/launch
running install_egg_info
Copying ../../build/drone_sitl/drone_sitl.egg-info to /home/enovo_my/autonomous_drone_system/install/drone_sitl/lib/python3.10/site-packages/drone_sitl-0.1.0-py3.10.egg-info
running install_scripts
writing list of installed files to '/home/enovo_my/autonomous_drone_system/build/drone_sitl/install.log'
