[5.970s] Invoking command in '/home/enovo_my/autonomous_drone_system/src/drone_rtk': PYTHONPATH=/home/enovo_my/autonomous_drone_system/build/drone_rtk/prefix_override:/usr/lib/python3/dist-packages/colcon_core/task/python/colcon_distutils_commands:/home/enovo_my/autonomous_drone_system/install/drone_rtk/lib/python3.10/site-packages:${PYTHONPATH} /usr/bin/python3 -W ignore:setup.py install is deprecated -W ignore:easy_install command is deprecated setup.py egg_info --egg-base ../../build/drone_rtk build --build-base /home/enovo_my/autonomous_drone_system/build/drone_rtk/build install --record /home/enovo_my/autonomous_drone_system/build/drone_rtk/install.log --single-version-externally-managed install_data
[7.188s] running egg_info
[7.192s] writing ../../build/drone_rtk/drone_rtk.egg-info/PKG-INFO
[7.193s] writing dependency_links to ../../build/drone_rtk/drone_rtk.egg-info/dependency_links.txt
[7.194s] writing entry points to ../../build/drone_rtk/drone_rtk.egg-info/entry_points.txt
[7.194s] writing requirements to ../../build/drone_rtk/drone_rtk.egg-info/requires.txt
[7.195s] writing top-level names to ../../build/drone_rtk/drone_rtk.egg-info/top_level.txt
[7.210s] reading manifest file '../../build/drone_rtk/drone_rtk.egg-info/SOURCES.txt'
[7.211s] writing manifest file '../../build/drone_rtk/drone_rtk.egg-info/SOURCES.txt'
[7.212s] running build
[7.212s] running build_py
[7.213s] running install
[7.214s] running install_lib
[7.224s] running install_data
[7.225s] running install_egg_info
[7.231s] removing '/home/enovo_my/autonomous_drone_system/install/drone_rtk/lib/python3.10/site-packages/drone_rtk-0.1.0-py3.10.egg-info' (and everything under it)
[7.231s] Copying ../../build/drone_rtk/drone_rtk.egg-info to /home/enovo_my/autonomous_drone_system/install/drone_rtk/lib/python3.10/site-packages/drone_rtk-0.1.0-py3.10.egg-info
[7.245s] running install_scripts
[7.323s] Installing rtk_monitor script to /home/enovo_my/autonomous_drone_system/install/drone_rtk/lib/drone_rtk
[7.324s] writing list of installed files to '/home/enovo_my/autonomous_drone_system/build/drone_rtk/install.log'
[7.545s] Invoked command in '/home/enovo_my/autonomous_drone_system/src/drone_rtk' returned '0': PYTHONPATH=/home/enovo_my/autonomous_drone_system/build/drone_rtk/prefix_override:/usr/lib/python3/dist-packages/colcon_core/task/python/colcon_distutils_commands:/home/enovo_my/autonomous_drone_system/install/drone_rtk/lib/python3.10/site-packages:${PYTHONPATH} /usr/bin/python3 -W ignore:setup.py install is deprecated -W ignore:easy_install command is deprecated setup.py egg_info --egg-base ../../build/drone_rtk build --build-base /home/enovo_my/autonomous_drone_system/build/drone_rtk/build install --record /home/enovo_my/autonomous_drone_system/build/drone_rtk/install.log --single-version-externally-managed install_data
