running egg_info
creating ../../build/drone_mission/drone_mission.egg-info
writing ../../build/drone_mission/drone_mission.egg-info/PKG-INFO
writing dependency_links to ../../build/drone_mission/drone_mission.egg-info/dependency_links.txt
writing entry points to ../../build/drone_mission/drone_mission.egg-info/entry_points.txt
writing requirements to ../../build/drone_mission/drone_mission.egg-info/requires.txt
writing top-level names to ../../build/drone_mission/drone_mission.egg-info/top_level.txt
writing manifest file '../../build/drone_mission/drone_mission.egg-info/SOURCES.txt'
reading manifest file '../../build/drone_mission/drone_mission.egg-info/SOURCES.txt'
writing manifest file '../../build/drone_mission/drone_mission.egg-info/SOURCES.txt'
running build
running build_py
creating /home/enovo_my/autonomous_drone_system/build/drone_mission/build
creating /home/enovo_my/autonomous_drone_system/build/drone_mission/build/lib
creating /home/enovo_my/autonomous_drone_system/build/drone_mission/build/lib/drone_mission
copying drone_mission/__init__.py -> /home/enovo_my/autonomous_drone_system/build/drone_mission/build/lib/drone_mission
copying drone_mission/mission_controller.py -> /home/enovo_my/autonomous_drone_system/build/drone_mission/build/lib/drone_mission
running install
running install_lib
creating /home/enovo_my/autonomous_drone_system/install/drone_mission/lib/python3.10/site-packages/drone_mission
copying /home/enovo_my/autonomous_drone_system/build/drone_mission/build/lib/drone_mission/__init__.py -> /home/enovo_my/autonomous_drone_system/install/drone_mission/lib/python3.10/site-packages/drone_mission
copying /home/enovo_my/autonomous_drone_system/build/drone_mission/build/lib/drone_mission/mission_controller.py -> /home/enovo_my/autonomous_drone_system/install/drone_mission/lib/python3.10/site-packages/drone_mission
byte-compiling /home/enovo_my/autonomous_drone_system/install/drone_mission/lib/python3.10/site-packages/drone_mission/__init__.py to __init__.cpython-310.pyc
byte-compiling /home/enovo_my/autonomous_drone_system/install/drone_mission/lib/python3.10/site-packages/drone_mission/mission_controller.py to mission_controller.cpython-310.pyc
running install_data
creating /home/enovo_my/autonomous_drone_system/install/drone_mission/share/ament_index
creating /home/enovo_my/autonomous_drone_system/install/drone_mission/share/ament_index/resource_index
creating /home/enovo_my/autonomous_drone_system/install/drone_mission/share/ament_index/resource_index/packages
copying resource/drone_mission -> /home/enovo_my/autonomous_drone_system/install/drone_mission/share/ament_index/resource_index/packages
copying package.xml -> /home/enovo_my/autonomous_drone_system/install/drone_mission/share/drone_mission
creating /home/enovo_my/autonomous_drone_system/install/drone_mission/share/drone_mission/config
copying config/mission.yaml -> /home/enovo_my/autonomous_drone_system/install/drone_mission/share/drone_mission/config
creating /home/enovo_my/autonomous_drone_system/install/drone_mission/share/drone_mission/launch
copying launch/mission.launch.py -> /home/enovo_my/autonomous_drone_system/install/drone_mission/share/drone_mission/launch
running install_egg_info
Copying ../../build/drone_mission/drone_mission.egg-info to /home/enovo_my/autonomous_drone_system/install/drone_mission/lib/python3.10/site-packages/drone_mission-0.1.0-py3.10.egg-info
running install_scripts
Installing mission_controller script to /home/enovo_my/autonomous_drone_system/install/drone_mission/lib/drone_mission
writing list of installed files to '/home/enovo_my/autonomous_drone_system/build/drone_mission/install.log'
