[6.013s] Invoking command in '/home/enovo_my/autonomous_drone_system/src/drone_sitl': PYTHONPATH=/home/enovo_my/autonomous_drone_system/build/drone_sitl/prefix_override:/usr/lib/python3/dist-packages/colcon_core/task/python/colcon_distutils_commands:/home/enovo_my/autonomous_drone_system/install/drone_sitl/lib/python3.10/site-packages:${PYTHONPATH} /usr/bin/python3 -W ignore:setup.py install is deprecated -W ignore:easy_install command is deprecated setup.py egg_info --egg-base ../../build/drone_sitl build --build-base /home/enovo_my/autonomous_drone_system/build/drone_sitl/build install --record /home/enovo_my/autonomous_drone_system/build/drone_sitl/install.log --single-version-externally-managed install_data
[7.174s] running egg_info
[7.176s] writing ../../build/drone_sitl/drone_sitl.egg-info/PKG-INFO
[7.177s] writing dependency_links to ../../build/drone_sitl/drone_sitl.egg-info/dependency_links.txt
[7.178s] writing entry points to ../../build/drone_sitl/drone_sitl.egg-info/entry_points.txt
[7.180s] writing requirements to ../../build/drone_sitl/drone_sitl.egg-info/requires.txt
[7.180s] writing top-level names to ../../build/drone_sitl/drone_sitl.egg-info/top_level.txt
[7.191s] reading manifest file '../../build/drone_sitl/drone_sitl.egg-info/SOURCES.txt'
[7.203s] writing manifest file '../../build/drone_sitl/drone_sitl.egg-info/SOURCES.txt'
[7.204s] running build
[7.204s] running build_py
[7.204s] running install
[7.204s] running install_lib
[7.210s] running install_data
[7.214s] running install_egg_info
[7.215s] removing '/home/enovo_my/autonomous_drone_system/install/drone_sitl/lib/python3.10/site-packages/drone_sitl-0.1.0-py3.10.egg-info' (and everything under it)
[7.216s] Copying ../../build/drone_sitl/drone_sitl.egg-info to /home/enovo_my/autonomous_drone_system/install/drone_sitl/lib/python3.10/site-packages/drone_sitl-0.1.0-py3.10.egg-info
[7.225s] running install_scripts
[7.303s] writing list of installed files to '/home/enovo_my/autonomous_drone_system/build/drone_sitl/install.log'
[7.445s] Invoked command in '/home/enovo_my/autonomous_drone_system/src/drone_sitl' returned '0': PYTHONPATH=/home/enovo_my/autonomous_drone_system/build/drone_sitl/prefix_override:/usr/lib/python3/dist-packages/colcon_core/task/python/colcon_distutils_commands:/home/enovo_my/autonomous_drone_system/install/drone_sitl/lib/python3.10/site-packages:${PYTHONPATH} /usr/bin/python3 -W ignore:setup.py install is deprecated -W ignore:easy_install command is deprecated setup.py egg_info --egg-base ../../build/drone_sitl build --build-base /home/enovo_my/autonomous_drone_system/build/drone_sitl/build install --record /home/enovo_my/autonomous_drone_system/build/drone_sitl/install.log --single-version-externally-managed install_data
