[0.888s] DEBUG:colcon:Command line arguments: ['/usr/bin/colcon', 'build']
[0.888s] DEBUG:colcon:Parsed command line arguments: Namespace(log_base=None, log_level=None, verb_name='build', build_base='build', install_base='install', merge_install=False, symlink_install=False, test_result_base=None, continue_on_error=False, executor='parallel', parallel_workers=8, event_handlers=None, ignore_user_meta=False, metas=['./colcon.meta'], base_paths=['.'], packages_ignore=None, packages_ignore_regex=None, paths=None, packages_up_to=None, packages_up_to_regex=None, packages_above=None, packages_above_and_dependencies=None, packages_above_depth=None, packages_select_by_dep=None, packages_skip_by_dep=None, packages_skip_up_to=None, packages_select_build_failed=False, packages_skip_build_finished=False, packages_select_test_failures=False, packages_skip_test_passed=False, packages_select=None, packages_skip=None, packages_select_regex=None, packages_skip_regex=None, packages_start=None, packages_end=None, allow_overriding=[], cmake_args=None, cmake_target=None, cmake_target_skip_unavailable=False, cmake_clean_cache=False, cmake_clean_first=False, cmake_force_configure=False, ament_cmake_args=None, catkin_cmake_args=None, catkin_skip_building_tests=False, mixin_files=None, mixin=None, verb_parser=<colcon_mixin.mixin.mixin_argument.MixinArgumentDecorator object at 0x7e8f9ea2b670>, verb_extension=<colcon_core.verb.build.BuildVerb object at 0x7e8f9ebb4610>, main=<bound method BuildVerb.main of <colcon_core.verb.build.BuildVerb object at 0x7e8f9ebb4610>>, mixin_verb=('build',))
[1.589s] Level 1:colcon.colcon_core.package_discovery:discover_packages(colcon_meta) check parameters
[1.589s] Level 1:colcon.colcon_core.package_discovery:discover_packages(recursive) check parameters
[1.589s] Level 1:colcon.colcon_core.package_discovery:discover_packages(ignore) check parameters
[1.589s] Level 1:colcon.colcon_core.package_discovery:discover_packages(path) check parameters
[1.589s] Level 1:colcon.colcon_core.package_discovery:discover_packages(colcon_meta) discover
[1.589s] Level 1:colcon.colcon_core.package_discovery:discover_packages(recursive) discover
[1.589s] INFO:colcon.colcon_core.package_discovery:Crawling recursively for packages in '/home/enovo_my/autonomous_drone_system'
[1.590s] Level 1:colcon.colcon_core.package_identification:_identify(.) by extensions ['ignore', 'ignore_ament_install']
[1.590s] Level 1:colcon.colcon_core.package_identification:_identify(.) by extension 'ignore'
[1.590s] Level 1:colcon.colcon_core.package_identification:_identify(.) by extension 'ignore_ament_install'
[1.590s] Level 1:colcon.colcon_core.package_identification:_identify(.) by extensions ['colcon_pkg']
[1.590s] Level 1:colcon.colcon_core.package_identification:_identify(.) by extension 'colcon_pkg'
[1.591s] Level 1:colcon.colcon_core.package_identification:_identify(.) by extensions ['colcon_meta']
[1.591s] Level 1:colcon.colcon_core.package_identification:_identify(.) by extension 'colcon_meta'
[1.591s] Level 1:colcon.colcon_core.package_identification:_identify(.) by extensions ['ros']
[1.591s] Level 1:colcon.colcon_core.package_identification:_identify(.) by extension 'ros'
[1.616s] Level 1:colcon.colcon_core.package_identification:_identify(.) by extensions ['cmake', 'python']
[1.616s] Level 1:colcon.colcon_core.package_identification:_identify(.) by extension 'cmake'
[1.617s] Level 1:colcon.colcon_core.package_identification:_identify(.) by extension 'python'
[1.617s] Level 1:colcon.colcon_core.package_identification:_identify(.) by extensions ['python_setup_py']
[1.617s] Level 1:colcon.colcon_core.package_identification:_identify(.) by extension 'python_setup_py'
[1.617s] Level 1:colcon.colcon_core.package_identification:_identify(build) by extensions ['ignore', 'ignore_ament_install']
[1.617s] Level 1:colcon.colcon_core.package_identification:_identify(build) by extension 'ignore'
[1.617s] Level 1:colcon.colcon_core.package_identification:_identify(build) ignored
[1.618s] Level 1:colcon.colcon_core.package_identification:_identify(install) by extensions ['ignore', 'ignore_ament_install']
[1.618s] Level 1:colcon.colcon_core.package_identification:_identify(install) by extension 'ignore'
[1.618s] Level 1:colcon.colcon_core.package_identification:_identify(install) ignored
[1.618s] Level 1:colcon.colcon_core.package_identification:_identify(log) by extensions ['ignore', 'ignore_ament_install']
[1.618s] Level 1:colcon.colcon_core.package_identification:_identify(log) by extension 'ignore'
[1.618s] Level 1:colcon.colcon_core.package_identification:_identify(log) ignored
[1.618s] Level 1:colcon.colcon_core.package_identification:_identify(src) by extensions ['ignore', 'ignore_ament_install']
[1.619s] Level 1:colcon.colcon_core.package_identification:_identify(src) by extension 'ignore'
[1.619s] Level 1:colcon.colcon_core.package_identification:_identify(src) by extension 'ignore_ament_install'
[1.619s] Level 1:colcon.colcon_core.package_identification:_identify(src) by extensions ['colcon_pkg']
[1.619s] Level 1:colcon.colcon_core.package_identification:_identify(src) by extension 'colcon_pkg'
[1.619s] Level 1:colcon.colcon_core.package_identification:_identify(src) by extensions ['colcon_meta']
[1.619s] Level 1:colcon.colcon_core.package_identification:_identify(src) by extension 'colcon_meta'
[1.619s] Level 1:colcon.colcon_core.package_identification:_identify(src) by extensions ['ros']
[1.619s] Level 1:colcon.colcon_core.package_identification:_identify(src) by extension 'ros'
[1.619s] Level 1:colcon.colcon_core.package_identification:_identify(src) by extensions ['cmake', 'python']
[1.620s] Level 1:colcon.colcon_core.package_identification:_identify(src) by extension 'cmake'
[1.620s] Level 1:colcon.colcon_core.package_identification:_identify(src) by extension 'python'
[1.620s] Level 1:colcon.colcon_core.package_identification:_identify(src) by extensions ['python_setup_py']
[1.620s] Level 1:colcon.colcon_core.package_identification:_identify(src) by extension 'python_setup_py'
[1.620s] Level 1:colcon.colcon_core.package_identification:_identify(src/drone_diagnostics) by extensions ['ignore', 'ignore_ament_install']
[1.620s] Level 1:colcon.colcon_core.package_identification:_identify(src/drone_diagnostics) by extension 'ignore'
[1.620s] Level 1:colcon.colcon_core.package_identification:_identify(src/drone_diagnostics) by extension 'ignore_ament_install'
[1.621s] Level 1:colcon.colcon_core.package_identification:_identify(src/drone_diagnostics) by extensions ['colcon_pkg']
[1.621s] Level 1:colcon.colcon_core.package_identification:_identify(src/drone_diagnostics) by extension 'colcon_pkg'
[1.621s] Level 1:colcon.colcon_core.package_identification:_identify(src/drone_diagnostics) by extensions ['colcon_meta']
[1.621s] Level 1:colcon.colcon_core.package_identification:_identify(src/drone_diagnostics) by extension 'colcon_meta'
[1.621s] Level 1:colcon.colcon_core.package_identification:_identify(src/drone_diagnostics) by extensions ['ros']
[1.621s] Level 1:colcon.colcon_core.package_identification:_identify(src/drone_diagnostics) by extension 'ros'
[1.630s] DEBUG:colcon.colcon_core.package_identification:Package 'src/drone_diagnostics' with type 'ros.ament_python' and name 'drone_diagnostics'
[1.631s] Level 1:colcon.colcon_core.package_identification:_identify(src/drone_mission) by extensions ['ignore', 'ignore_ament_install']
[1.631s] Level 1:colcon.colcon_core.package_identification:_identify(src/drone_mission) by extension 'ignore'
[1.631s] Level 1:colcon.colcon_core.package_identification:_identify(src/drone_mission) by extension 'ignore_ament_install'
[1.631s] Level 1:colcon.colcon_core.package_identification:_identify(src/drone_mission) by extensions ['colcon_pkg']
[1.631s] Level 1:colcon.colcon_core.package_identification:_identify(src/drone_mission) by extension 'colcon_pkg'
[1.631s] Level 1:colcon.colcon_core.package_identification:_identify(src/drone_mission) by extensions ['colcon_meta']
[1.631s] Level 1:colcon.colcon_core.package_identification:_identify(src/drone_mission) by extension 'colcon_meta'
[1.632s] Level 1:colcon.colcon_core.package_identification:_identify(src/drone_mission) by extensions ['ros']
[1.632s] Level 1:colcon.colcon_core.package_identification:_identify(src/drone_mission) by extension 'ros'
[1.636s] DEBUG:colcon.colcon_core.package_identification:Package 'src/drone_mission' with type 'ros.ament_python' and name 'drone_mission'
[1.636s] Level 1:colcon.colcon_core.package_identification:_identify(src/drone_rtk) by extensions ['ignore', 'ignore_ament_install']
[1.637s] Level 1:colcon.colcon_core.package_identification:_identify(src/drone_rtk) by extension 'ignore'
[1.637s] Level 1:colcon.colcon_core.package_identification:_identify(src/drone_rtk) by extension 'ignore_ament_install'
[1.637s] Level 1:colcon.colcon_core.package_identification:_identify(src/drone_rtk) by extensions ['colcon_pkg']
[1.637s] Level 1:colcon.colcon_core.package_identification:_identify(src/drone_rtk) by extension 'colcon_pkg'
[1.637s] Level 1:colcon.colcon_core.package_identification:_identify(src/drone_rtk) by extensions ['colcon_meta']
[1.637s] Level 1:colcon.colcon_core.package_identification:_identify(src/drone_rtk) by extension 'colcon_meta'
[1.637s] Level 1:colcon.colcon_core.package_identification:_identify(src/drone_rtk) by extensions ['ros']
[1.637s] Level 1:colcon.colcon_core.package_identification:_identify(src/drone_rtk) by extension 'ros'
[1.639s] DEBUG:colcon.colcon_core.package_identification:Package 'src/drone_rtk' with type 'ros.ament_python' and name 'drone_rtk'
[1.639s] Level 1:colcon.colcon_core.package_identification:_identify(src/drone_sitl) by extensions ['ignore', 'ignore_ament_install']
[1.640s] Level 1:colcon.colcon_core.package_identification:_identify(src/drone_sitl) by extension 'ignore'
[1.640s] Level 1:colcon.colcon_core.package_identification:_identify(src/drone_sitl) by extension 'ignore_ament_install'
[1.640s] Level 1:colcon.colcon_core.package_identification:_identify(src/drone_sitl) by extensions ['colcon_pkg']
[1.640s] Level 1:colcon.colcon_core.package_identification:_identify(src/drone_sitl) by extension 'colcon_pkg'
[1.640s] Level 1:colcon.colcon_core.package_identification:_identify(src/drone_sitl) by extensions ['colcon_meta']
[1.640s] Level 1:colcon.colcon_core.package_identification:_identify(src/drone_sitl) by extension 'colcon_meta'
[1.640s] Level 1:colcon.colcon_core.package_identification:_identify(src/drone_sitl) by extensions ['ros']
[1.640s] Level 1:colcon.colcon_core.package_identification:_identify(src/drone_sitl) by extension 'ros'
[1.642s] DEBUG:colcon.colcon_core.package_identification:Package 'src/drone_sitl' with type 'ros.ament_python' and name 'drone_sitl'
[1.642s] Level 1:colcon.colcon_core.package_identification:_identify(src/drone_visualizer) by extensions ['ignore', 'ignore_ament_install']
[1.642s] Level 1:colcon.colcon_core.package_identification:_identify(src/drone_visualizer) by extension 'ignore'
[1.642s] Level 1:colcon.colcon_core.package_identification:_identify(src/drone_visualizer) by extension 'ignore_ament_install'
[1.642s] Level 1:colcon.colcon_core.package_identification:_identify(src/drone_visualizer) by extensions ['colcon_pkg']
[1.642s] Level 1:colcon.colcon_core.package_identification:_identify(src/drone_visualizer) by extension 'colcon_pkg'
[1.642s] Level 1:colcon.colcon_core.package_identification:_identify(src/drone_visualizer) by extensions ['colcon_meta']
[1.643s] Level 1:colcon.colcon_core.package_identification:_identify(src/drone_visualizer) by extension 'colcon_meta'
[1.643s] Level 1:colcon.colcon_core.package_identification:_identify(src/drone_visualizer) by extensions ['ros']
[1.643s] Level 1:colcon.colcon_core.package_identification:_identify(src/drone_visualizer) by extension 'ros'
[1.644s] DEBUG:colcon.colcon_core.package_identification:Package 'src/drone_visualizer' with type 'ros.ament_python' and name 'drone_visualizer'
[1.644s] Level 1:colcon.colcon_core.package_discovery:discover_packages(recursive) using defaults
[1.644s] Level 1:colcon.colcon_core.package_discovery:discover_packages(ignore) discover
[1.644s] Level 1:colcon.colcon_core.package_discovery:discover_packages(ignore) using defaults
[1.645s] Level 1:colcon.colcon_core.package_discovery:discover_packages(path) discover
[1.645s] Level 1:colcon.colcon_core.package_discovery:discover_packages(path) using defaults
[1.763s] Level 1:colcon.colcon_core.package_discovery:discover_packages(prefix_path) check parameters
[1.763s] Level 1:colcon.colcon_core.package_discovery:discover_packages(prefix_path) discover
[1.778s] DEBUG:colcon.colcon_installed_package_information.package_discovery:Found 5 installed packages in /home/enovo_my/agro_aero_vision/ros2_ws/install
[1.781s] DEBUG:colcon.colcon_installed_package_information.package_discovery:Found 282 installed packages in /opt/ros/humble
[1.785s] Level 1:colcon.colcon_core.package_discovery:discover_packages(prefix_path) using defaults
[1.916s] Level 5:colcon.colcon_core.verb:set package 'drone_diagnostics' build argument 'cmake_args' from command line to 'None'
[1.916s] Level 5:colcon.colcon_core.verb:set package 'drone_diagnostics' build argument 'cmake_target' from command line to 'None'
[1.916s] Level 5:colcon.colcon_core.verb:set package 'drone_diagnostics' build argument 'cmake_target_skip_unavailable' from command line to 'False'
[1.917s] Level 5:colcon.colcon_core.verb:set package 'drone_diagnostics' build argument 'cmake_clean_cache' from command line to 'False'
[1.917s] Level 5:colcon.colcon_core.verb:set package 'drone_diagnostics' build argument 'cmake_clean_first' from command line to 'False'
[1.917s] Level 5:colcon.colcon_core.verb:set package 'drone_diagnostics' build argument 'cmake_force_configure' from command line to 'False'
[1.917s] Level 5:colcon.colcon_core.verb:set package 'drone_diagnostics' build argument 'ament_cmake_args' from command line to 'None'
[1.917s] Level 5:colcon.colcon_core.verb:set package 'drone_diagnostics' build argument 'catkin_cmake_args' from command line to 'None'
[1.917s] Level 5:colcon.colcon_core.verb:set package 'drone_diagnostics' build argument 'catkin_skip_building_tests' from command line to 'False'
[1.917s] DEBUG:colcon.colcon_core.verb:Building package 'drone_diagnostics' with the following arguments: {'ament_cmake_args': None, 'build_base': '/home/enovo_my/autonomous_drone_system/build/drone_diagnostics', 'catkin_cmake_args': None, 'catkin_skip_building_tests': False, 'cmake_args': None, 'cmake_clean_cache': False, 'cmake_clean_first': False, 'cmake_force_configure': False, 'cmake_target': None, 'cmake_target_skip_unavailable': False, 'install_base': '/home/enovo_my/autonomous_drone_system/install/drone_diagnostics', 'merge_install': False, 'path': '/home/enovo_my/autonomous_drone_system/src/drone_diagnostics', 'symlink_install': False, 'test_result_base': None}
[1.918s] Level 5:colcon.colcon_core.verb:set package 'drone_mission' build argument 'cmake_args' from command line to 'None'
[1.918s] Level 5:colcon.colcon_core.verb:set package 'drone_mission' build argument 'cmake_target' from command line to 'None'
[1.918s] Level 5:colcon.colcon_core.verb:set package 'drone_mission' build argument 'cmake_target_skip_unavailable' from command line to 'False'
[1.918s] Level 5:colcon.colcon_core.verb:set package 'drone_mission' build argument 'cmake_clean_cache' from command line to 'False'
[1.918s] Level 5:colcon.colcon_core.verb:set package 'drone_mission' build argument 'cmake_clean_first' from command line to 'False'
[1.918s] Level 5:colcon.colcon_core.verb:set package 'drone_mission' build argument 'cmake_force_configure' from command line to 'False'
[1.918s] Level 5:colcon.colcon_core.verb:set package 'drone_mission' build argument 'ament_cmake_args' from command line to 'None'
[1.918s] Level 5:colcon.colcon_core.verb:set package 'drone_mission' build argument 'catkin_cmake_args' from command line to 'None'
[1.918s] Level 5:colcon.colcon_core.verb:set package 'drone_mission' build argument 'catkin_skip_building_tests' from command line to 'False'
[1.919s] DEBUG:colcon.colcon_core.verb:Building package 'drone_mission' with the following arguments: {'ament_cmake_args': None, 'build_base': '/home/enovo_my/autonomous_drone_system/build/drone_mission', 'catkin_cmake_args': None, 'catkin_skip_building_tests': False, 'cmake_args': None, 'cmake_clean_cache': False, 'cmake_clean_first': False, 'cmake_force_configure': False, 'cmake_target': None, 'cmake_target_skip_unavailable': False, 'install_base': '/home/enovo_my/autonomous_drone_system/install/drone_mission', 'merge_install': False, 'path': '/home/enovo_my/autonomous_drone_system/src/drone_mission', 'symlink_install': False, 'test_result_base': None}
[1.919s] Level 5:colcon.colcon_core.verb:set package 'drone_rtk' build argument 'cmake_args' from command line to 'None'
[1.919s] Level 5:colcon.colcon_core.verb:set package 'drone_rtk' build argument 'cmake_target' from command line to 'None'
[1.919s] Level 5:colcon.colcon_core.verb:set package 'drone_rtk' build argument 'cmake_target_skip_unavailable' from command line to 'False'
[1.920s] Level 5:colcon.colcon_core.verb:set package 'drone_rtk' build argument 'cmake_clean_cache' from command line to 'False'
[1.920s] Level 5:colcon.colcon_core.verb:set package 'drone_rtk' build argument 'cmake_clean_first' from command line to 'False'
[1.920s] Level 5:colcon.colcon_core.verb:set package 'drone_rtk' build argument 'cmake_force_configure' from command line to 'False'
[1.920s] Level 5:colcon.colcon_core.verb:set package 'drone_rtk' build argument 'ament_cmake_args' from command line to 'None'
[1.920s] Level 5:colcon.colcon_core.verb:set package 'drone_rtk' build argument 'catkin_cmake_args' from command line to 'None'
[1.920s] Level 5:colcon.colcon_core.verb:set package 'drone_rtk' build argument 'catkin_skip_building_tests' from command line to 'False'
[1.920s] DEBUG:colcon.colcon_core.verb:Building package 'drone_rtk' with the following arguments: {'ament_cmake_args': None, 'build_base': '/home/enovo_my/autonomous_drone_system/build/drone_rtk', 'catkin_cmake_args': None, 'catkin_skip_building_tests': False, 'cmake_args': None, 'cmake_clean_cache': False, 'cmake_clean_first': False, 'cmake_force_configure': False, 'cmake_target': None, 'cmake_target_skip_unavailable': False, 'install_base': '/home/enovo_my/autonomous_drone_system/install/drone_rtk', 'merge_install': False, 'path': '/home/enovo_my/autonomous_drone_system/src/drone_rtk', 'symlink_install': False, 'test_result_base': None}
[1.921s] Level 5:colcon.colcon_core.verb:set package 'drone_sitl' build argument 'cmake_args' from command line to 'None'
[1.921s] Level 5:colcon.colcon_core.verb:set package 'drone_sitl' build argument 'cmake_target' from command line to 'None'
[1.921s] Level 5:colcon.colcon_core.verb:set package 'drone_sitl' build argument 'cmake_target_skip_unavailable' from command line to 'False'
[1.921s] Level 5:colcon.colcon_core.verb:set package 'drone_sitl' build argument 'cmake_clean_cache' from command line to 'False'
[1.921s] Level 5:colcon.colcon_core.verb:set package 'drone_sitl' build argument 'cmake_clean_first' from command line to 'False'
[1.922s] Level 5:colcon.colcon_core.verb:set package 'drone_sitl' build argument 'cmake_force_configure' from command line to 'False'
[1.922s] Level 5:colcon.colcon_core.verb:set package 'drone_sitl' build argument 'ament_cmake_args' from command line to 'None'
[1.922s] Level 5:colcon.colcon_core.verb:set package 'drone_sitl' build argument 'catkin_cmake_args' from command line to 'None'
[1.923s] Level 5:colcon.colcon_core.verb:set package 'drone_sitl' build argument 'catkin_skip_building_tests' from command line to 'False'
[1.923s] DEBUG:colcon.colcon_core.verb:Building package 'drone_sitl' with the following arguments: {'ament_cmake_args': None, 'build_base': '/home/enovo_my/autonomous_drone_system/build/drone_sitl', 'catkin_cmake_args': None, 'catkin_skip_building_tests': False, 'cmake_args': None, 'cmake_clean_cache': False, 'cmake_clean_first': False, 'cmake_force_configure': False, 'cmake_target': None, 'cmake_target_skip_unavailable': False, 'install_base': '/home/enovo_my/autonomous_drone_system/install/drone_sitl', 'merge_install': False, 'path': '/home/enovo_my/autonomous_drone_system/src/drone_sitl', 'symlink_install': False, 'test_result_base': None}
[1.925s] Level 5:colcon.colcon_core.verb:set package 'drone_visualizer' build argument 'cmake_args' from command line to 'None'
[1.925s] Level 5:colcon.colcon_core.verb:set package 'drone_visualizer' build argument 'cmake_target' from command line to 'None'
[1.925s] Level 5:colcon.colcon_core.verb:set package 'drone_visualizer' build argument 'cmake_target_skip_unavailable' from command line to 'False'
[1.926s] Level 5:colcon.colcon_core.verb:set package 'drone_visualizer' build argument 'cmake_clean_cache' from command line to 'False'
[1.926s] Level 5:colcon.colcon_core.verb:set package 'drone_visualizer' build argument 'cmake_clean_first' from command line to 'False'
[1.926s] Level 5:colcon.colcon_core.verb:set package 'drone_visualizer' build argument 'cmake_force_configure' from command line to 'False'
[1.926s] Level 5:colcon.colcon_core.verb:set package 'drone_visualizer' build argument 'ament_cmake_args' from command line to 'None'
[1.926s] Level 5:colcon.colcon_core.verb:set package 'drone_visualizer' build argument 'catkin_cmake_args' from command line to 'None'
[1.926s] Level 5:colcon.colcon_core.verb:set package 'drone_visualizer' build argument 'catkin_skip_building_tests' from command line to 'False'
[1.926s] DEBUG:colcon.colcon_core.verb:Building package 'drone_visualizer' with the following arguments: {'ament_cmake_args': None, 'build_base': '/home/enovo_my/autonomous_drone_system/build/drone_visualizer', 'catkin_cmake_args': None, 'catkin_skip_building_tests': False, 'cmake_args': None, 'cmake_clean_cache': False, 'cmake_clean_first': False, 'cmake_force_configure': False, 'cmake_target': None, 'cmake_target_skip_unavailable': False, 'install_base': '/home/enovo_my/autonomous_drone_system/install/drone_visualizer', 'merge_install': False, 'path': '/home/enovo_my/autonomous_drone_system/src/drone_visualizer', 'symlink_install': False, 'test_result_base': None}
[1.926s] INFO:colcon.colcon_core.executor:Executing jobs using 'parallel' executor
[1.929s] DEBUG:colcon.colcon_parallel_executor.executor.parallel:run_until_complete
[1.930s] INFO:colcon.colcon_ros.task.ament_python.build:Building ROS package in '/home/enovo_my/autonomous_drone_system/src/drone_diagnostics' with build type 'ament_python'
[1.931s] Level 1:colcon.colcon_core.shell:create_environment_hook('drone_diagnostics', 'ament_prefix_path')
[1.948s] INFO:colcon.colcon_core.plugin_system:Skipping extension 'colcon_core.shell.bat': Not used on non-Windows systems
[1.948s] INFO:colcon.colcon_core.shell:Creating environment hook '/home/enovo_my/autonomous_drone_system/install/drone_diagnostics/share/drone_diagnostics/hook/ament_prefix_path.ps1'
[1.954s] INFO:colcon.colcon_core.shell:Creating environment descriptor '/home/enovo_my/autonomous_drone_system/install/drone_diagnostics/share/drone_diagnostics/hook/ament_prefix_path.dsv'
[1.956s] INFO:colcon.colcon_core.shell:Creating environment hook '/home/enovo_my/autonomous_drone_system/install/drone_diagnostics/share/drone_diagnostics/hook/ament_prefix_path.sh'
[1.960s] INFO:colcon.colcon_core.shell:Skip shell extension 'powershell' for command environment: Not usable outside of PowerShell
[1.960s] DEBUG:colcon.colcon_core.shell:Skip shell extension 'dsv' for command environment
[1.971s] INFO:colcon.colcon_ros.task.ament_python.build:Building ROS package in '/home/enovo_my/autonomous_drone_system/src/drone_mission' with build type 'ament_python'
[1.971s] Level 1:colcon.colcon_core.shell:create_environment_hook('drone_mission', 'ament_prefix_path')
[1.973s] INFO:colcon.colcon_core.shell:Creating environment hook '/home/enovo_my/autonomous_drone_system/install/drone_mission/share/drone_mission/hook/ament_prefix_path.ps1'
[1.980s] INFO:colcon.colcon_core.shell:Creating environment descriptor '/home/enovo_my/autonomous_drone_system/install/drone_mission/share/drone_mission/hook/ament_prefix_path.dsv'
[1.981s] INFO:colcon.colcon_core.shell:Creating environment hook '/home/enovo_my/autonomous_drone_system/install/drone_mission/share/drone_mission/hook/ament_prefix_path.sh'
[1.982s] INFO:colcon.colcon_core.shell:Skip shell extension 'powershell' for command environment: Not usable outside of PowerShell
[1.982s] DEBUG:colcon.colcon_core.shell:Skip shell extension 'dsv' for command environment
[1.996s] INFO:colcon.colcon_ros.task.ament_python.build:Building ROS package in '/home/enovo_my/autonomous_drone_system/src/drone_rtk' with build type 'ament_python'
[1.996s] Level 1:colcon.colcon_core.shell:create_environment_hook('drone_rtk', 'ament_prefix_path')
[1.997s] INFO:colcon.colcon_core.shell:Creating environment hook '/home/enovo_my/autonomous_drone_system/install/drone_rtk/share/drone_rtk/hook/ament_prefix_path.ps1'
[2.004s] INFO:colcon.colcon_core.shell:Creating environment descriptor '/home/enovo_my/autonomous_drone_system/install/drone_rtk/share/drone_rtk/hook/ament_prefix_path.dsv'
[2.005s] INFO:colcon.colcon_core.shell:Creating environment hook '/home/enovo_my/autonomous_drone_system/install/drone_rtk/share/drone_rtk/hook/ament_prefix_path.sh'
[2.007s] INFO:colcon.colcon_core.shell:Skip shell extension 'powershell' for command environment: Not usable outside of PowerShell
[2.007s] DEBUG:colcon.colcon_core.shell:Skip shell extension 'dsv' for command environment
[2.020s] INFO:colcon.colcon_ros.task.ament_python.build:Building ROS package in '/home/enovo_my/autonomous_drone_system/src/drone_sitl' with build type 'ament_python'
[2.021s] Level 1:colcon.colcon_core.shell:create_environment_hook('drone_sitl', 'ament_prefix_path')
[2.022s] INFO:colcon.colcon_core.shell:Creating environment hook '/home/enovo_my/autonomous_drone_system/install/drone_sitl/share/drone_sitl/hook/ament_prefix_path.ps1'
[2.029s] INFO:colcon.colcon_core.shell:Creating environment descriptor '/home/enovo_my/autonomous_drone_system/install/drone_sitl/share/drone_sitl/hook/ament_prefix_path.dsv'
[2.030s] INFO:colcon.colcon_core.shell:Creating environment hook '/home/enovo_my/autonomous_drone_system/install/drone_sitl/share/drone_sitl/hook/ament_prefix_path.sh'
[2.032s] INFO:colcon.colcon_core.shell:Skip shell extension 'powershell' for command environment: Not usable outside of PowerShell
[2.032s] DEBUG:colcon.colcon_core.shell:Skip shell extension 'dsv' for command environment
[2.044s] INFO:colcon.colcon_ros.task.ament_python.build:Building ROS package in '/home/enovo_my/autonomous_drone_system/src/drone_visualizer' with build type 'ament_python'
[2.045s] Level 1:colcon.colcon_core.shell:create_environment_hook('drone_visualizer', 'ament_prefix_path')
[2.046s] INFO:colcon.colcon_core.shell:Creating environment hook '/home/enovo_my/autonomous_drone_system/install/drone_visualizer/share/drone_visualizer/hook/ament_prefix_path.ps1'
[2.051s] INFO:colcon.colcon_core.shell:Creating environment descriptor '/home/enovo_my/autonomous_drone_system/install/drone_visualizer/share/drone_visualizer/hook/ament_prefix_path.dsv'
[2.052s] INFO:colcon.colcon_core.shell:Creating environment hook '/home/enovo_my/autonomous_drone_system/install/drone_visualizer/share/drone_visualizer/hook/ament_prefix_path.sh'
[2.054s] INFO:colcon.colcon_core.shell:Skip shell extension 'powershell' for command environment: Not usable outside of PowerShell
[2.054s] DEBUG:colcon.colcon_core.shell:Skip shell extension 'dsv' for command environment
[2.862s] INFO:colcon.colcon_core.task.python.build:Building Python package in '/home/enovo_my/autonomous_drone_system/src/drone_diagnostics'
[2.863s] INFO:colcon.colcon_core.shell:Skip shell extension 'powershell' for command environment: Not usable outside of PowerShell
[2.863s] DEBUG:colcon.colcon_core.shell:Skip shell extension 'dsv' for command environment
[3.569s] INFO:colcon.colcon_core.task.python.build:Building Python package in '/home/enovo_my/autonomous_drone_system/src/drone_mission'
[3.570s] INFO:colcon.colcon_core.shell:Skip shell extension 'powershell' for command environment: Not usable outside of PowerShell
[3.570s] DEBUG:colcon.colcon_core.shell:Skip shell extension 'dsv' for command environment
[4.265s] INFO:colcon.colcon_core.task.python.build:Building Python package in '/home/enovo_my/autonomous_drone_system/src/drone_rtk'
[4.265s] INFO:colcon.colcon_core.shell:Skip shell extension 'powershell' for command environment: Not usable outside of PowerShell
[4.266s] DEBUG:colcon.colcon_core.shell:Skip shell extension 'dsv' for command environment
[4.941s] INFO:colcon.colcon_core.task.python.build:Building Python package in '/home/enovo_my/autonomous_drone_system/src/drone_sitl'
[4.941s] INFO:colcon.colcon_core.shell:Skip shell extension 'powershell' for command environment: Not usable outside of PowerShell
[4.941s] DEBUG:colcon.colcon_core.shell:Skip shell extension 'dsv' for command environment
[5.649s] INFO:colcon.colcon_core.task.python.build:Building Python package in '/home/enovo_my/autonomous_drone_system/src/drone_visualizer'
[5.650s] INFO:colcon.colcon_core.shell:Skip shell extension 'powershell' for command environment: Not usable outside of PowerShell
[5.650s] DEBUG:colcon.colcon_core.shell:Skip shell extension 'dsv' for command environment
[7.678s] DEBUG:colcon.colcon_core.event_handler.log_command:Invoking command in '/home/enovo_my/autonomous_drone_system/src/drone_rtk': PYTHONPATH=/home/enovo_my/autonomous_drone_system/build/drone_rtk/prefix_override:/usr/lib/python3/dist-packages/colcon_core/task/python/colcon_distutils_commands:/home/enovo_my/autonomous_drone_system/install/drone_rtk/lib/python3.10/site-packages:${PYTHONPATH} /usr/bin/python3 -W ignore:setup.py install is deprecated -W ignore:easy_install command is deprecated setup.py egg_info --egg-base ../../build/drone_rtk build --build-base /home/enovo_my/autonomous_drone_system/build/drone_rtk/build install --record /home/enovo_my/autonomous_drone_system/build/drone_rtk/install.log --single-version-externally-managed install_data
[7.710s] DEBUG:colcon.colcon_core.event_handler.log_command:Invoking command in '/home/enovo_my/autonomous_drone_system/src/drone_visualizer': PYTHONPATH=/home/enovo_my/autonomous_drone_system/build/drone_visualizer/prefix_override:/usr/lib/python3/dist-packages/colcon_core/task/python/colcon_distutils_commands:/home/enovo_my/autonomous_drone_system/install/drone_visualizer/lib/python3.10/site-packages:${PYTHONPATH} /usr/bin/python3 -W ignore:setup.py install is deprecated -W ignore:easy_install command is deprecated setup.py egg_info --egg-base ../../build/drone_visualizer build --build-base /home/enovo_my/autonomous_drone_system/build/drone_visualizer/build install --record /home/enovo_my/autonomous_drone_system/build/drone_visualizer/install.log --single-version-externally-managed install_data
[7.720s] DEBUG:colcon.colcon_core.event_handler.log_command:Invoking command in '/home/enovo_my/autonomous_drone_system/src/drone_diagnostics': PYTHONPATH=/home/enovo_my/autonomous_drone_system/build/drone_diagnostics/prefix_override:/usr/lib/python3/dist-packages/colcon_core/task/python/colcon_distutils_commands:/home/enovo_my/autonomous_drone_system/install/drone_diagnostics/lib/python3.10/site-packages:${PYTHONPATH} /usr/bin/python3 -W ignore:setup.py install is deprecated -W ignore:easy_install command is deprecated setup.py egg_info --egg-base ../../build/drone_diagnostics build --build-base /home/enovo_my/autonomous_drone_system/build/drone_diagnostics/build install --record /home/enovo_my/autonomous_drone_system/build/drone_diagnostics/install.log --single-version-externally-managed install_data
[7.753s] DEBUG:colcon.colcon_core.event_handler.log_command:Invoking command in '/home/enovo_my/autonomous_drone_system/src/drone_sitl': PYTHONPATH=/home/enovo_my/autonomous_drone_system/build/drone_sitl/prefix_override:/usr/lib/python3/dist-packages/colcon_core/task/python/colcon_distutils_commands:/home/enovo_my/autonomous_drone_system/install/drone_sitl/lib/python3.10/site-packages:${PYTHONPATH} /usr/bin/python3 -W ignore:setup.py install is deprecated -W ignore:easy_install command is deprecated setup.py egg_info --egg-base ../../build/drone_sitl build --build-base /home/enovo_my/autonomous_drone_system/build/drone_sitl/build install --record /home/enovo_my/autonomous_drone_system/build/drone_sitl/install.log --single-version-externally-managed install_data
[7.759s] DEBUG:colcon.colcon_core.event_handler.log_command:Invoking command in '/home/enovo_my/autonomous_drone_system/src/drone_mission': PYTHONPATH=/home/enovo_my/autonomous_drone_system/build/drone_mission/prefix_override:/usr/lib/python3/dist-packages/colcon_core/task/python/colcon_distutils_commands:/home/enovo_my/autonomous_drone_system/install/drone_mission/lib/python3.10/site-packages:${PYTHONPATH} /usr/bin/python3 -W ignore:setup.py install is deprecated -W ignore:easy_install command is deprecated setup.py egg_info --egg-base ../../build/drone_mission build --build-base /home/enovo_my/autonomous_drone_system/build/drone_mission/build install --record /home/enovo_my/autonomous_drone_system/build/drone_mission/install.log --single-version-externally-managed install_data
[9.264s] DEBUG:colcon.colcon_core.event_handler.log_command:Invoked command in '/home/enovo_my/autonomous_drone_system/src/drone_diagnostics' returned '0': PYTHONPATH=/home/enovo_my/autonomous_drone_system/build/drone_diagnostics/prefix_override:/usr/lib/python3/dist-packages/colcon_core/task/python/colcon_distutils_commands:/home/enovo_my/autonomous_drone_system/install/drone_diagnostics/lib/python3.10/site-packages:${PYTHONPATH} /usr/bin/python3 -W ignore:setup.py install is deprecated -W ignore:easy_install command is deprecated setup.py egg_info --egg-base ../../build/drone_diagnostics build --build-base /home/enovo_my/autonomous_drone_system/build/drone_diagnostics/build install --record /home/enovo_my/autonomous_drone_system/build/drone_diagnostics/install.log --single-version-externally-managed install_data
[9.306s] Level 1:colcon.colcon_core.environment:checking '/home/enovo_my/autonomous_drone_system/install/drone_diagnostics' for CMake module files
[9.308s] Level 1:colcon.colcon_core.environment:checking '/home/enovo_my/autonomous_drone_system/install/drone_diagnostics' for CMake config files
[9.311s] Level 1:colcon.colcon_core.environment:checking '/home/enovo_my/autonomous_drone_system/install/drone_diagnostics/lib'
[9.312s] Level 1:colcon.colcon_core.environment:checking '/home/enovo_my/autonomous_drone_system/install/drone_diagnostics/bin'
[9.312s] Level 1:colcon.colcon_core.environment:checking '/home/enovo_my/autonomous_drone_system/install/drone_diagnostics/lib/pkgconfig/drone_diagnostics.pc'
[9.313s] Level 1:colcon.colcon_core.environment:checking '/home/enovo_my/autonomous_drone_system/install/drone_diagnostics/lib/python3.10/site-packages'
[9.313s] Level 1:colcon.colcon_core.shell:create_environment_hook('drone_diagnostics', 'pythonpath')
[9.314s] INFO:colcon.colcon_core.shell:Creating environment hook '/home/enovo_my/autonomous_drone_system/install/drone_diagnostics/share/drone_diagnostics/hook/pythonpath.ps1'
[9.315s] INFO:colcon.colcon_core.shell:Creating environment descriptor '/home/enovo_my/autonomous_drone_system/install/drone_diagnostics/share/drone_diagnostics/hook/pythonpath.dsv'
[9.317s] INFO:colcon.colcon_core.shell:Creating environment hook '/home/enovo_my/autonomous_drone_system/install/drone_diagnostics/share/drone_diagnostics/hook/pythonpath.sh'
[9.320s] Level 1:colcon.colcon_core.environment:checking '/home/enovo_my/autonomous_drone_system/install/drone_diagnostics/bin'
[9.320s] Level 1:colcon.colcon_core.environment:create_environment_scripts_only(drone_diagnostics)
[9.322s] INFO:colcon.colcon_core.shell:Creating package script '/home/enovo_my/autonomous_drone_system/install/drone_diagnostics/share/drone_diagnostics/package.ps1'
[9.328s] INFO:colcon.colcon_core.shell:Creating package descriptor '/home/enovo_my/autonomous_drone_system/install/drone_diagnostics/share/drone_diagnostics/package.dsv'
[9.332s] INFO:colcon.colcon_core.shell:Creating package script '/home/enovo_my/autonomous_drone_system/install/drone_diagnostics/share/drone_diagnostics/package.sh'
[9.347s] INFO:colcon.colcon_core.shell:Creating package script '/home/enovo_my/autonomous_drone_system/install/drone_diagnostics/share/drone_diagnostics/package.bash'
[9.359s] INFO:colcon.colcon_core.shell:Creating package script '/home/enovo_my/autonomous_drone_system/install/drone_diagnostics/share/drone_diagnostics/package.zsh'
[9.367s] Level 1:colcon.colcon_core.environment:create_file_with_runtime_dependencies(/home/enovo_my/autonomous_drone_system/install/drone_diagnostics/share/colcon-core/packages/drone_diagnostics)
[9.379s] Level 1:colcon.colcon_core.environment:checking '/home/enovo_my/autonomous_drone_system/install/drone_sitl' for CMake module files
[9.381s] DEBUG:colcon.colcon_core.event_handler.log_command:Invoked command in '/home/enovo_my/autonomous_drone_system/src/drone_sitl' returned '0': PYTHONPATH=/home/enovo_my/autonomous_drone_system/build/drone_sitl/prefix_override:/usr/lib/python3/dist-packages/colcon_core/task/python/colcon_distutils_commands:/home/enovo_my/autonomous_drone_system/install/drone_sitl/lib/python3.10/site-packages:${PYTHONPATH} /usr/bin/python3 -W ignore:setup.py install is deprecated -W ignore:easy_install command is deprecated setup.py egg_info --egg-base ../../build/drone_sitl build --build-base /home/enovo_my/autonomous_drone_system/build/drone_sitl/build install --record /home/enovo_my/autonomous_drone_system/build/drone_sitl/install.log --single-version-externally-managed install_data
[9.383s] Level 1:colcon.colcon_core.environment:checking '/home/enovo_my/autonomous_drone_system/install/drone_sitl' for CMake config files
[9.385s] Level 1:colcon.colcon_core.environment:checking '/home/enovo_my/autonomous_drone_system/install/drone_sitl/lib'
[9.385s] Level 1:colcon.colcon_core.environment:checking '/home/enovo_my/autonomous_drone_system/install/drone_sitl/bin'
[9.386s] Level 1:colcon.colcon_core.environment:checking '/home/enovo_my/autonomous_drone_system/install/drone_sitl/lib/pkgconfig/drone_sitl.pc'
[9.387s] Level 1:colcon.colcon_core.environment:checking '/home/enovo_my/autonomous_drone_system/install/drone_sitl/lib/python3.10/site-packages'
[9.387s] Level 1:colcon.colcon_core.shell:create_environment_hook('drone_sitl', 'pythonpath')
[9.389s] INFO:colcon.colcon_core.shell:Creating environment hook '/home/enovo_my/autonomous_drone_system/install/drone_sitl/share/drone_sitl/hook/pythonpath.ps1'
[9.392s] INFO:colcon.colcon_core.shell:Creating environment descriptor '/home/enovo_my/autonomous_drone_system/install/drone_sitl/share/drone_sitl/hook/pythonpath.dsv'
[9.394s] INFO:colcon.colcon_core.shell:Creating environment hook '/home/enovo_my/autonomous_drone_system/install/drone_sitl/share/drone_sitl/hook/pythonpath.sh'
[9.398s] Level 1:colcon.colcon_core.environment:checking '/home/enovo_my/autonomous_drone_system/install/drone_sitl/bin'
[9.399s] Level 1:colcon.colcon_core.environment:create_environment_scripts_only(drone_sitl)
[9.400s] INFO:colcon.colcon_core.shell:Creating package script '/home/enovo_my/autonomous_drone_system/install/drone_sitl/share/drone_sitl/package.ps1'
[9.406s] INFO:colcon.colcon_core.shell:Creating package descriptor '/home/enovo_my/autonomous_drone_system/install/drone_sitl/share/drone_sitl/package.dsv'
[9.408s] INFO:colcon.colcon_core.shell:Creating package script '/home/enovo_my/autonomous_drone_system/install/drone_sitl/share/drone_sitl/package.sh'
[9.410s] INFO:colcon.colcon_core.shell:Creating package script '/home/enovo_my/autonomous_drone_system/install/drone_sitl/share/drone_sitl/package.bash'
[9.412s] INFO:colcon.colcon_core.shell:Creating package script '/home/enovo_my/autonomous_drone_system/install/drone_sitl/share/drone_sitl/package.zsh'
[9.413s] Level 1:colcon.colcon_core.environment:create_file_with_runtime_dependencies(/home/enovo_my/autonomous_drone_system/install/drone_sitl/share/colcon-core/packages/drone_sitl)
[9.427s] Level 1:colcon.colcon_core.environment:checking '/home/enovo_my/autonomous_drone_system/install/drone_rtk' for CMake module files
[9.432s] DEBUG:colcon.colcon_core.event_handler.log_command:Invoked command in '/home/enovo_my/autonomous_drone_system/src/drone_rtk' returned '0': PYTHONPATH=/home/enovo_my/autonomous_drone_system/build/drone_rtk/prefix_override:/usr/lib/python3/dist-packages/colcon_core/task/python/colcon_distutils_commands:/home/enovo_my/autonomous_drone_system/install/drone_rtk/lib/python3.10/site-packages:${PYTHONPATH} /usr/bin/python3 -W ignore:setup.py install is deprecated -W ignore:easy_install command is deprecated setup.py egg_info --egg-base ../../build/drone_rtk build --build-base /home/enovo_my/autonomous_drone_system/build/drone_rtk/build install --record /home/enovo_my/autonomous_drone_system/build/drone_rtk/install.log --single-version-externally-managed install_data
[9.433s] Level 1:colcon.colcon_core.environment:checking '/home/enovo_my/autonomous_drone_system/install/drone_rtk' for CMake config files
[9.435s] Level 1:colcon.colcon_core.environment:checking '/home/enovo_my/autonomous_drone_system/install/drone_rtk/lib'
[9.436s] Level 1:colcon.colcon_core.environment:checking '/home/enovo_my/autonomous_drone_system/install/drone_rtk/bin'
[9.437s] Level 1:colcon.colcon_core.environment:checking '/home/enovo_my/autonomous_drone_system/install/drone_rtk/lib/pkgconfig/drone_rtk.pc'
[9.438s] Level 1:colcon.colcon_core.environment:checking '/home/enovo_my/autonomous_drone_system/install/drone_rtk/lib/python3.10/site-packages'
[9.438s] Level 1:colcon.colcon_core.shell:create_environment_hook('drone_rtk', 'pythonpath')
[9.439s] INFO:colcon.colcon_core.shell:Creating environment hook '/home/enovo_my/autonomous_drone_system/install/drone_rtk/share/drone_rtk/hook/pythonpath.ps1'
[9.442s] INFO:colcon.colcon_core.shell:Creating environment descriptor '/home/enovo_my/autonomous_drone_system/install/drone_rtk/share/drone_rtk/hook/pythonpath.dsv'
[9.443s] INFO:colcon.colcon_core.shell:Creating environment hook '/home/enovo_my/autonomous_drone_system/install/drone_rtk/share/drone_rtk/hook/pythonpath.sh'
[9.446s] Level 1:colcon.colcon_core.environment:checking '/home/enovo_my/autonomous_drone_system/install/drone_rtk/bin'
[9.446s] Level 1:colcon.colcon_core.environment:create_environment_scripts_only(drone_rtk)
[9.447s] INFO:colcon.colcon_core.shell:Creating package script '/home/enovo_my/autonomous_drone_system/install/drone_rtk/share/drone_rtk/package.ps1'
[9.449s] INFO:colcon.colcon_core.shell:Creating package descriptor '/home/enovo_my/autonomous_drone_system/install/drone_rtk/share/drone_rtk/package.dsv'
[9.451s] INFO:colcon.colcon_core.shell:Creating package script '/home/enovo_my/autonomous_drone_system/install/drone_rtk/share/drone_rtk/package.sh'
[9.453s] INFO:colcon.colcon_core.shell:Creating package script '/home/enovo_my/autonomous_drone_system/install/drone_rtk/share/drone_rtk/package.bash'
[9.454s] INFO:colcon.colcon_core.shell:Creating package script '/home/enovo_my/autonomous_drone_system/install/drone_rtk/share/drone_rtk/package.zsh'
[9.456s] Level 1:colcon.colcon_core.environment:create_file_with_runtime_dependencies(/home/enovo_my/autonomous_drone_system/install/drone_rtk/share/colcon-core/packages/drone_rtk)
[9.459s] Level 1:colcon.colcon_core.environment:checking '/home/enovo_my/autonomous_drone_system/install/drone_visualizer' for CMake module files
[9.466s] Level 1:colcon.colcon_core.environment:checking '/home/enovo_my/autonomous_drone_system/install/drone_visualizer' for CMake config files
[9.467s] DEBUG:colcon.colcon_core.event_handler.log_command:Invoked command in '/home/enovo_my/autonomous_drone_system/src/drone_visualizer' returned '0': PYTHONPATH=/home/enovo_my/autonomous_drone_system/build/drone_visualizer/prefix_override:/usr/lib/python3/dist-packages/colcon_core/task/python/colcon_distutils_commands:/home/enovo_my/autonomous_drone_system/install/drone_visualizer/lib/python3.10/site-packages:${PYTHONPATH} /usr/bin/python3 -W ignore:setup.py install is deprecated -W ignore:easy_install command is deprecated setup.py egg_info --egg-base ../../build/drone_visualizer build --build-base /home/enovo_my/autonomous_drone_system/build/drone_visualizer/build install --record /home/enovo_my/autonomous_drone_system/build/drone_visualizer/install.log --single-version-externally-managed install_data
[9.468s] Level 1:colcon.colcon_core.environment:checking '/home/enovo_my/autonomous_drone_system/install/drone_visualizer/lib'
[9.469s] Level 1:colcon.colcon_core.environment:checking '/home/enovo_my/autonomous_drone_system/install/drone_visualizer/bin'
[9.469s] Level 1:colcon.colcon_core.environment:checking '/home/enovo_my/autonomous_drone_system/install/drone_visualizer/lib/pkgconfig/drone_visualizer.pc'
[9.470s] Level 1:colcon.colcon_core.environment:checking '/home/enovo_my/autonomous_drone_system/install/drone_visualizer/lib/python3.10/site-packages'
[9.471s] Level 1:colcon.colcon_core.shell:create_environment_hook('drone_visualizer', 'pythonpath')
[9.473s] INFO:colcon.colcon_core.shell:Creating environment hook '/home/enovo_my/autonomous_drone_system/install/drone_visualizer/share/drone_visualizer/hook/pythonpath.ps1'
[9.474s] INFO:colcon.colcon_core.shell:Creating environment descriptor '/home/enovo_my/autonomous_drone_system/install/drone_visualizer/share/drone_visualizer/hook/pythonpath.dsv'
[9.476s] INFO:colcon.colcon_core.shell:Creating environment hook '/home/enovo_my/autonomous_drone_system/install/drone_visualizer/share/drone_visualizer/hook/pythonpath.sh'
[9.477s] Level 1:colcon.colcon_core.environment:checking '/home/enovo_my/autonomous_drone_system/install/drone_visualizer/bin'
[9.477s] Level 1:colcon.colcon_core.environment:create_environment_scripts_only(drone_visualizer)
[9.478s] INFO:colcon.colcon_core.shell:Creating package script '/home/enovo_my/autonomous_drone_system/install/drone_visualizer/share/drone_visualizer/package.ps1'
[9.480s] INFO:colcon.colcon_core.shell:Creating package descriptor '/home/enovo_my/autonomous_drone_system/install/drone_visualizer/share/drone_visualizer/package.dsv'
[9.481s] INFO:colcon.colcon_core.shell:Creating package script '/home/enovo_my/autonomous_drone_system/install/drone_visualizer/share/drone_visualizer/package.sh'
[9.482s] INFO:colcon.colcon_core.shell:Creating package script '/home/enovo_my/autonomous_drone_system/install/drone_visualizer/share/drone_visualizer/package.bash'
[9.483s] INFO:colcon.colcon_core.shell:Creating package script '/home/enovo_my/autonomous_drone_system/install/drone_visualizer/share/drone_visualizer/package.zsh'
[9.484s] Level 1:colcon.colcon_core.environment:create_file_with_runtime_dependencies(/home/enovo_my/autonomous_drone_system/install/drone_visualizer/share/colcon-core/packages/drone_visualizer)
[9.490s] Level 1:colcon.colcon_core.environment:checking '/home/enovo_my/autonomous_drone_system/install/drone_mission' for CMake module files
[9.494s] DEBUG:colcon.colcon_core.event_handler.log_command:Invoked command in '/home/enovo_my/autonomous_drone_system/src/drone_mission' returned '0': PYTHONPATH=/home/enovo_my/autonomous_drone_system/build/drone_mission/prefix_override:/usr/lib/python3/dist-packages/colcon_core/task/python/colcon_distutils_commands:/home/enovo_my/autonomous_drone_system/install/drone_mission/lib/python3.10/site-packages:${PYTHONPATH} /usr/bin/python3 -W ignore:setup.py install is deprecated -W ignore:easy_install command is deprecated setup.py egg_info --egg-base ../../build/drone_mission build --build-base /home/enovo_my/autonomous_drone_system/build/drone_mission/build install --record /home/enovo_my/autonomous_drone_system/build/drone_mission/install.log --single-version-externally-managed install_data
[9.495s] Level 1:colcon.colcon_core.environment:checking '/home/enovo_my/autonomous_drone_system/install/drone_mission' for CMake config files
[9.497s] Level 1:colcon.colcon_core.environment:checking '/home/enovo_my/autonomous_drone_system/install/drone_mission/lib'
[9.498s] Level 1:colcon.colcon_core.environment:checking '/home/enovo_my/autonomous_drone_system/install/drone_mission/bin'
[9.498s] Level 1:colcon.colcon_core.environment:checking '/home/enovo_my/autonomous_drone_system/install/drone_mission/lib/pkgconfig/drone_mission.pc'
[9.498s] Level 1:colcon.colcon_core.environment:checking '/home/enovo_my/autonomous_drone_system/install/drone_mission/lib/python3.10/site-packages'
[9.498s] Level 1:colcon.colcon_core.shell:create_environment_hook('drone_mission', 'pythonpath')
[9.499s] INFO:colcon.colcon_core.shell:Creating environment hook '/home/enovo_my/autonomous_drone_system/install/drone_mission/share/drone_mission/hook/pythonpath.ps1'
[9.500s] INFO:colcon.colcon_core.shell:Creating environment descriptor '/home/enovo_my/autonomous_drone_system/install/drone_mission/share/drone_mission/hook/pythonpath.dsv'
[9.501s] INFO:colcon.colcon_core.shell:Creating environment hook '/home/enovo_my/autonomous_drone_system/install/drone_mission/share/drone_mission/hook/pythonpath.sh'
[9.505s] Level 1:colcon.colcon_core.environment:checking '/home/enovo_my/autonomous_drone_system/install/drone_mission/bin'
[9.506s] Level 1:colcon.colcon_core.environment:create_environment_scripts_only(drone_mission)
[9.507s] INFO:colcon.colcon_core.shell:Creating package script '/home/enovo_my/autonomous_drone_system/install/drone_mission/share/drone_mission/package.ps1'
[9.509s] INFO:colcon.colcon_core.shell:Creating package descriptor '/home/enovo_my/autonomous_drone_system/install/drone_mission/share/drone_mission/package.dsv'
[9.510s] INFO:colcon.colcon_core.shell:Creating package script '/home/enovo_my/autonomous_drone_system/install/drone_mission/share/drone_mission/package.sh'
[9.511s] INFO:colcon.colcon_core.shell:Creating package script '/home/enovo_my/autonomous_drone_system/install/drone_mission/share/drone_mission/package.bash'
[9.512s] INFO:colcon.colcon_core.shell:Creating package script '/home/enovo_my/autonomous_drone_system/install/drone_mission/share/drone_mission/package.zsh'
[9.513s] Level 1:colcon.colcon_core.environment:create_file_with_runtime_dependencies(/home/enovo_my/autonomous_drone_system/install/drone_mission/share/colcon-core/packages/drone_mission)
[9.517s] DEBUG:colcon.colcon_parallel_executor.executor.parallel:closing loop
[9.518s] DEBUG:colcon.colcon_parallel_executor.executor.parallel:loop closed
[9.518s] DEBUG:colcon.colcon_parallel_executor.executor.parallel:run_until_complete finished with '0'
[9.520s] DEBUG:colcon.colcon_core.event_reactor:joining thread
[9.799s] INFO:colcon.colcon_core.plugin_system:Skipping extension 'colcon_notification.desktop_notification.notify_send': Could not find 'notify-send'
[9.799s] INFO:colcon.colcon_core.plugin_system:Skipping extension 'colcon_notification.desktop_notification.terminal_notifier': Not used on non-Darwin systems
[9.800s] INFO:colcon.colcon_core.plugin_system:Skipping extension 'colcon_notification.desktop_notification.win32': Not used on non-Windows systems
[9.800s] INFO:colcon.colcon_notification.desktop_notification:Sending desktop notification using 'notify2'
[9.800s] DEBUG:colcon.colcon_notification.desktop_notification.notify2:Failed to initialize notify2: org.freedesktop.DBus.Error.AccessDenied: Failed to connect to socket /run/user/1000/bus: Permission denied
[9.801s] DEBUG:colcon.colcon_core.event_reactor:joined thread
[9.802s] INFO:colcon.colcon_core.shell:Creating prefix script '/home/enovo_my/autonomous_drone_system/install/local_setup.ps1'
[9.806s] INFO:colcon.colcon_core.shell:Creating prefix util module '/home/enovo_my/autonomous_drone_system/install/_local_setup_util_ps1.py'
[9.810s] INFO:colcon.colcon_core.shell:Creating prefix chain script '/home/enovo_my/autonomous_drone_system/install/setup.ps1'
[9.815s] INFO:colcon.colcon_core.shell:Creating prefix script '/home/enovo_my/autonomous_drone_system/install/local_setup.sh'
[9.822s] INFO:colcon.colcon_core.shell:Creating prefix util module '/home/enovo_my/autonomous_drone_system/install/_local_setup_util_sh.py'
[9.823s] INFO:colcon.colcon_core.shell:Creating prefix chain script '/home/enovo_my/autonomous_drone_system/install/setup.sh'
[9.829s] INFO:colcon.colcon_core.shell:Creating prefix script '/home/enovo_my/autonomous_drone_system/install/local_setup.bash'
[9.832s] INFO:colcon.colcon_core.shell:Creating prefix chain script '/home/enovo_my/autonomous_drone_system/install/setup.bash'
[9.837s] INFO:colcon.colcon_core.shell:Creating prefix script '/home/enovo_my/autonomous_drone_system/install/local_setup.zsh'
[9.840s] INFO:colcon.colcon_core.shell:Creating prefix chain script '/home/enovo_my/autonomous_drone_system/install/setup.zsh'
