running egg_info
creating ../../build/drone_diagnostics/drone_diagnostics.egg-info
writing ../../build/drone_diagnostics/drone_diagnostics.egg-info/PKG-INFO
writing dependency_links to ../../build/drone_diagnostics/drone_diagnostics.egg-info/dependency_links.txt
writing entry points to ../../build/drone_diagnostics/drone_diagnostics.egg-info/entry_points.txt
writing requirements to ../../build/drone_diagnostics/drone_diagnostics.egg-info/requires.txt
writing top-level names to ../../build/drone_diagnostics/drone_diagnostics.egg-info/top_level.txt
writing manifest file '../../build/drone_diagnostics/drone_diagnostics.egg-info/SOURCES.txt'
reading manifest file '../../build/drone_diagnostics/drone_diagnostics.egg-info/SOURCES.txt'
writing manifest file '../../build/drone_diagnostics/drone_diagnostics.egg-info/SOURCES.txt'
running build
running build_py
creating /home/enovo_my/autonomous_drone_system/build/drone_diagnostics/build
creating /home/enovo_my/autonomous_drone_system/build/drone_diagnostics/build/lib
creating /home/enovo_my/autonomous_drone_system/build/drone_diagnostics/build/lib/drone_diagnostics
copying drone_diagnostics/__init__.py -> /home/enovo_my/autonomous_drone_system/build/drone_diagnostics/build/lib/drone_diagnostics
copying drone_diagnostics/diagnostics_node.py -> /home/enovo_my/autonomous_drone_system/build/drone_diagnostics/build/lib/drone_diagnostics
running install
running install_lib
creating /home/enovo_my/autonomous_drone_system/install/drone_diagnostics/lib/python3.10/site-packages/drone_diagnostics
copying /home/enovo_my/autonomous_drone_system/build/drone_diagnostics/build/lib/drone_diagnostics/__init__.py -> /home/enovo_my/autonomous_drone_system/install/drone_diagnostics/lib/python3.10/site-packages/drone_diagnostics
copying /home/enovo_my/autonomous_drone_system/build/drone_diagnostics/build/lib/drone_diagnostics/diagnostics_node.py -> /home/enovo_my/autonomous_drone_system/install/drone_diagnostics/lib/python3.10/site-packages/drone_diagnostics
byte-compiling /home/enovo_my/autonomous_drone_system/install/drone_diagnostics/lib/python3.10/site-packages/drone_diagnostics/__init__.py to __init__.cpython-310.pyc
byte-compiling /home/enovo_my/autonomous_drone_system/install/drone_diagnostics/lib/python3.10/site-packages/drone_diagnostics/diagnostics_node.py to diagnostics_node.cpython-310.pyc
running install_data
creating /home/enovo_my/autonomous_drone_system/install/drone_diagnostics/share/ament_index
creating /home/enovo_my/autonomous_drone_system/install/drone_diagnostics/share/ament_index/resource_index
creating /home/enovo_my/autonomous_drone_system/install/drone_diagnostics/share/ament_index/resource_index/packages
copying resource/drone_diagnostics -> /home/enovo_my/autonomous_drone_system/install/drone_diagnostics/share/ament_index/resource_index/packages
copying package.xml -> /home/enovo_my/autonomous_drone_system/install/drone_diagnostics/share/drone_diagnostics
running install_egg_info
Copying ../../build/drone_diagnostics/drone_diagnostics.egg-info to /home/enovo_my/autonomous_drone_system/install/drone_diagnostics/lib/python3.10/site-packages/drone_diagnostics-0.1.0-py3.10.egg-info
running install_scripts
Installing drone_diagnostics script to /home/enovo_my/autonomous_drone_system/install/drone_diagnostics/lib/drone_diagnostics
writing list of installed files to '/home/enovo_my/autonomous_drone_system/build/drone_diagnostics/install.log'
