[0.886s] DEBUG:colcon:Command line arguments: ['/usr/bin/colcon', 'build']
[0.886s] DEBUG:colcon:Parsed command line arguments: Namespace(log_base=None, log_level=None, verb_name='build', build_base='build', install_base='install', merge_install=False, symlink_install=False, test_result_base=None, continue_on_error=False, executor='parallel', parallel_workers=8, event_handlers=None, ignore_user_meta=False, metas=['./colcon.meta'], base_paths=['.'], packages_ignore=None, packages_ignore_regex=None, paths=None, packages_up_to=None, packages_up_to_regex=None, packages_above=None, packages_above_and_dependencies=None, packages_above_depth=None, packages_select_by_dep=None, packages_skip_by_dep=None, packages_skip_up_to=None, packages_select_build_failed=False, packages_skip_build_finished=False, packages_select_test_failures=False, packages_skip_test_passed=False, packages_select=None, packages_skip=None, packages_select_regex=None, packages_skip_regex=None, packages_start=None, packages_end=None, allow_overriding=[], cmake_args=None, cmake_target=None, cmake_target_skip_unavailable=False, cmake_clean_cache=False, cmake_clean_first=False, cmake_force_configure=False, ament_cmake_args=None, catkin_cmake_args=None, catkin_skip_building_tests=False, mixin_files=None, mixin=None, verb_parser=<colcon_mixin.mixin.mixin_argument.MixinArgumentDecorator object at 0x79f6cf053670>, verb_extension=<colcon_core.verb.build.BuildVerb object at 0x79f6cf194610>, main=<bound method BuildVerb.main of <colcon_core.verb.build.BuildVerb object at 0x79f6cf194610>>, mixin_verb=('build',))
[1.810s] Level 1:colcon.colcon_core.package_discovery:discover_packages(colcon_meta) check parameters
[1.811s] Level 1:colcon.colcon_core.package_discovery:discover_packages(recursive) check parameters
[1.811s] Level 1:colcon.colcon_core.package_discovery:discover_packages(ignore) check parameters
[1.811s] Level 1:colcon.colcon_core.package_discovery:discover_packages(path) check parameters
[1.811s] Level 1:colcon.colcon_core.package_discovery:discover_packages(colcon_meta) discover
[1.811s] Level 1:colcon.colcon_core.package_discovery:discover_packages(recursive) discover
[1.811s] INFO:colcon.colcon_core.package_discovery:Crawling recursively for packages in '/home/enovo_my/autonomous_drone_system'
[1.811s] Level 1:colcon.colcon_core.package_identification:_identify(.) by extensions ['ignore', 'ignore_ament_install']
[1.811s] Level 1:colcon.colcon_core.package_identification:_identify(.) by extension 'ignore'
[1.812s] Level 1:colcon.colcon_core.package_identification:_identify(.) by extension 'ignore_ament_install'
[1.812s] Level 1:colcon.colcon_core.package_identification:_identify(.) by extensions ['colcon_pkg']
[1.812s] Level 1:colcon.colcon_core.package_identification:_identify(.) by extension 'colcon_pkg'
[1.812s] Level 1:colcon.colcon_core.package_identification:_identify(.) by extensions ['colcon_meta']
[1.812s] Level 1:colcon.colcon_core.package_identification:_identify(.) by extension 'colcon_meta'
[1.812s] Level 1:colcon.colcon_core.package_identification:_identify(.) by extensions ['ros']
[1.812s] Level 1:colcon.colcon_core.package_identification:_identify(.) by extension 'ros'
[1.839s] Level 1:colcon.colcon_core.package_identification:_identify(.) by extensions ['cmake', 'python']
[1.839s] Level 1:colcon.colcon_core.package_identification:_identify(.) by extension 'cmake'
[1.839s] Level 1:colcon.colcon_core.package_identification:_identify(.) by extension 'python'
[1.839s] Level 1:colcon.colcon_core.package_identification:_identify(.) by extensions ['python_setup_py']
[1.839s] Level 1:colcon.colcon_core.package_identification:_identify(.) by extension 'python_setup_py'
[1.840s] Level 1:colcon.colcon_core.package_identification:_identify(build) by extensions ['ignore', 'ignore_ament_install']
[1.840s] Level 1:colcon.colcon_core.package_identification:_identify(build) by extension 'ignore'
[1.840s] Level 1:colcon.colcon_core.package_identification:_identify(build) ignored
[1.840s] Level 1:colcon.colcon_core.package_identification:_identify(install) by extensions ['ignore', 'ignore_ament_install']
[1.840s] Level 1:colcon.colcon_core.package_identification:_identify(install) by extension 'ignore'
[1.840s] Level 1:colcon.colcon_core.package_identification:_identify(install) ignored
[1.841s] Level 1:colcon.colcon_core.package_identification:_identify(log) by extensions ['ignore', 'ignore_ament_install']
[1.841s] Level 1:colcon.colcon_core.package_identification:_identify(log) by extension 'ignore'
[1.841s] Level 1:colcon.colcon_core.package_identification:_identify(log) ignored
[1.841s] Level 1:colcon.colcon_core.package_identification:_identify(src) by extensions ['ignore', 'ignore_ament_install']
[1.841s] Level 1:colcon.colcon_core.package_identification:_identify(src) by extension 'ignore'
[1.841s] Level 1:colcon.colcon_core.package_identification:_identify(src) by extension 'ignore_ament_install'
[1.841s] Level 1:colcon.colcon_core.package_identification:_identify(src) by extensions ['colcon_pkg']
[1.842s] Level 1:colcon.colcon_core.package_identification:_identify(src) by extension 'colcon_pkg'
[1.842s] Level 1:colcon.colcon_core.package_identification:_identify(src) by extensions ['colcon_meta']
[1.842s] Level 1:colcon.colcon_core.package_identification:_identify(src) by extension 'colcon_meta'
[1.842s] Level 1:colcon.colcon_core.package_identification:_identify(src) by extensions ['ros']
[1.842s] Level 1:colcon.colcon_core.package_identification:_identify(src) by extension 'ros'
[1.842s] Level 1:colcon.colcon_core.package_identification:_identify(src) by extensions ['cmake', 'python']
[1.842s] Level 1:colcon.colcon_core.package_identification:_identify(src) by extension 'cmake'
[1.842s] Level 1:colcon.colcon_core.package_identification:_identify(src) by extension 'python'
[1.842s] Level 1:colcon.colcon_core.package_identification:_identify(src) by extensions ['python_setup_py']
[1.842s] Level 1:colcon.colcon_core.package_identification:_identify(src) by extension 'python_setup_py'
[1.843s] Level 1:colcon.colcon_core.package_identification:_identify(src/drone_diagnostics) by extensions ['ignore', 'ignore_ament_install']
[1.843s] Level 1:colcon.colcon_core.package_identification:_identify(src/drone_diagnostics) by extension 'ignore'
[1.843s] Level 1:colcon.colcon_core.package_identification:_identify(src/drone_diagnostics) by extension 'ignore_ament_install'
[1.843s] Level 1:colcon.colcon_core.package_identification:_identify(src/drone_diagnostics) by extensions ['colcon_pkg']
[1.843s] Level 1:colcon.colcon_core.package_identification:_identify(src/drone_diagnostics) by extension 'colcon_pkg'
[1.843s] Level 1:colcon.colcon_core.package_identification:_identify(src/drone_diagnostics) by extensions ['colcon_meta']
[1.843s] Level 1:colcon.colcon_core.package_identification:_identify(src/drone_diagnostics) by extension 'colcon_meta'
[1.844s] Level 1:colcon.colcon_core.package_identification:_identify(src/drone_diagnostics) by extensions ['ros']
[1.844s] Level 1:colcon.colcon_core.package_identification:_identify(src/drone_diagnostics) by extension 'ros'
[1.852s] DEBUG:colcon.colcon_core.package_identification:Package 'src/drone_diagnostics' with type 'ros.ament_python' and name 'drone_diagnostics'
[1.852s] Level 1:colcon.colcon_core.package_identification:_identify(src/drone_failsafe) by extensions ['ignore', 'ignore_ament_install']
[1.852s] Level 1:colcon.colcon_core.package_identification:_identify(src/drone_failsafe) by extension 'ignore'
[1.853s] Level 1:colcon.colcon_core.package_identification:_identify(src/drone_failsafe) by extension 'ignore_ament_install'
[1.853s] Level 1:colcon.colcon_core.package_identification:_identify(src/drone_failsafe) by extensions ['colcon_pkg']
[1.853s] Level 1:colcon.colcon_core.package_identification:_identify(src/drone_failsafe) by extension 'colcon_pkg'
[1.853s] Level 1:colcon.colcon_core.package_identification:_identify(src/drone_failsafe) by extensions ['colcon_meta']
[1.853s] Level 1:colcon.colcon_core.package_identification:_identify(src/drone_failsafe) by extension 'colcon_meta'
[1.853s] Level 1:colcon.colcon_core.package_identification:_identify(src/drone_failsafe) by extensions ['ros']
[1.853s] Level 1:colcon.colcon_core.package_identification:_identify(src/drone_failsafe) by extension 'ros'
[1.857s] DEBUG:colcon.colcon_core.package_identification:Package 'src/drone_failsafe' with type 'ros.ament_python' and name 'drone_failsafe'
[1.858s] Level 1:colcon.colcon_core.package_identification:_identify(src/drone_mission) by extensions ['ignore', 'ignore_ament_install']
[1.858s] Level 1:colcon.colcon_core.package_identification:_identify(src/drone_mission) by extension 'ignore'
[1.858s] Level 1:colcon.colcon_core.package_identification:_identify(src/drone_mission) by extension 'ignore_ament_install'
[1.858s] Level 1:colcon.colcon_core.package_identification:_identify(src/drone_mission) by extensions ['colcon_pkg']
[1.858s] Level 1:colcon.colcon_core.package_identification:_identify(src/drone_mission) by extension 'colcon_pkg'
[1.858s] Level 1:colcon.colcon_core.package_identification:_identify(src/drone_mission) by extensions ['colcon_meta']
[1.858s] Level 1:colcon.colcon_core.package_identification:_identify(src/drone_mission) by extension 'colcon_meta'
[1.859s] Level 1:colcon.colcon_core.package_identification:_identify(src/drone_mission) by extensions ['ros']
[1.859s] Level 1:colcon.colcon_core.package_identification:_identify(src/drone_mission) by extension 'ros'
[1.860s] DEBUG:colcon.colcon_core.package_identification:Package 'src/drone_mission' with type 'ros.ament_python' and name 'drone_mission'
[1.861s] Level 1:colcon.colcon_core.package_identification:_identify(src/drone_rtk) by extensions ['ignore', 'ignore_ament_install']
[1.861s] Level 1:colcon.colcon_core.package_identification:_identify(src/drone_rtk) by extension 'ignore'
[1.861s] Level 1:colcon.colcon_core.package_identification:_identify(src/drone_rtk) by extension 'ignore_ament_install'
[1.861s] Level 1:colcon.colcon_core.package_identification:_identify(src/drone_rtk) by extensions ['colcon_pkg']
[1.861s] Level 1:colcon.colcon_core.package_identification:_identify(src/drone_rtk) by extension 'colcon_pkg'
[1.861s] Level 1:colcon.colcon_core.package_identification:_identify(src/drone_rtk) by extensions ['colcon_meta']
[1.861s] Level 1:colcon.colcon_core.package_identification:_identify(src/drone_rtk) by extension 'colcon_meta'
[1.861s] Level 1:colcon.colcon_core.package_identification:_identify(src/drone_rtk) by extensions ['ros']
[1.861s] Level 1:colcon.colcon_core.package_identification:_identify(src/drone_rtk) by extension 'ros'
[1.863s] DEBUG:colcon.colcon_core.package_identification:Package 'src/drone_rtk' with type 'ros.ament_python' and name 'drone_rtk'
[1.863s] Level 1:colcon.colcon_core.package_identification:_identify(src/drone_sitl) by extensions ['ignore', 'ignore_ament_install']
[1.863s] Level 1:colcon.colcon_core.package_identification:_identify(src/drone_sitl) by extension 'ignore'
[1.864s] Level 1:colcon.colcon_core.package_identification:_identify(src/drone_sitl) by extension 'ignore_ament_install'
[1.864s] Level 1:colcon.colcon_core.package_identification:_identify(src/drone_sitl) by extensions ['colcon_pkg']
[1.864s] Level 1:colcon.colcon_core.package_identification:_identify(src/drone_sitl) by extension 'colcon_pkg'
[1.864s] Level 1:colcon.colcon_core.package_identification:_identify(src/drone_sitl) by extensions ['colcon_meta']
[1.864s] Level 1:colcon.colcon_core.package_identification:_identify(src/drone_sitl) by extension 'colcon_meta'
[1.864s] Level 1:colcon.colcon_core.package_identification:_identify(src/drone_sitl) by extensions ['ros']
[1.864s] Level 1:colcon.colcon_core.package_identification:_identify(src/drone_sitl) by extension 'ros'
[1.865s] DEBUG:colcon.colcon_core.package_identification:Package 'src/drone_sitl' with type 'ros.ament_python' and name 'drone_sitl'
[1.866s] Level 1:colcon.colcon_core.package_identification:_identify(src/drone_visualizer) by extensions ['ignore', 'ignore_ament_install']
[1.866s] Level 1:colcon.colcon_core.package_identification:_identify(src/drone_visualizer) by extension 'ignore'
[1.866s] Level 1:colcon.colcon_core.package_identification:_identify(src/drone_visualizer) by extension 'ignore_ament_install'
[1.866s] Level 1:colcon.colcon_core.package_identification:_identify(src/drone_visualizer) by extensions ['colcon_pkg']
[1.866s] Level 1:colcon.colcon_core.package_identification:_identify(src/drone_visualizer) by extension 'colcon_pkg'
[1.866s] Level 1:colcon.colcon_core.package_identification:_identify(src/drone_visualizer) by extensions ['colcon_meta']
[1.866s] Level 1:colcon.colcon_core.package_identification:_identify(src/drone_visualizer) by extension 'colcon_meta'
[1.867s] Level 1:colcon.colcon_core.package_identification:_identify(src/drone_visualizer) by extensions ['ros']
[1.867s] Level 1:colcon.colcon_core.package_identification:_identify(src/drone_visualizer) by extension 'ros'
[1.868s] DEBUG:colcon.colcon_core.package_identification:Package 'src/drone_visualizer' with type 'ros.ament_python' and name 'drone_visualizer'
[1.868s] Level 1:colcon.colcon_core.package_discovery:discover_packages(recursive) using defaults
[1.868s] Level 1:colcon.colcon_core.package_discovery:discover_packages(ignore) discover
[1.868s] Level 1:colcon.colcon_core.package_discovery:discover_packages(ignore) using defaults
[1.868s] Level 1:colcon.colcon_core.package_discovery:discover_packages(path) discover
[1.868s] Level 1:colcon.colcon_core.package_discovery:discover_packages(path) using defaults
[1.965s] Level 1:colcon.colcon_core.package_discovery:discover_packages(prefix_path) check parameters
[1.965s] Level 1:colcon.colcon_core.package_discovery:discover_packages(prefix_path) discover
[1.979s] DEBUG:colcon.colcon_installed_package_information.package_discovery:Found 5 installed packages in /home/enovo_my/agro_aero_vision/ros2_ws/install
[1.984s] DEBUG:colcon.colcon_installed_package_information.package_discovery:Found 282 installed packages in /opt/ros/humble
[1.987s] Level 1:colcon.colcon_core.package_discovery:discover_packages(prefix_path) using defaults
[2.256s] Level 5:colcon.colcon_core.verb:set package 'drone_diagnostics' build argument 'cmake_args' from command line to 'None'
[2.257s] Level 5:colcon.colcon_core.verb:set package 'drone_diagnostics' build argument 'cmake_target' from command line to 'None'
[2.257s] Level 5:colcon.colcon_core.verb:set package 'drone_diagnostics' build argument 'cmake_target_skip_unavailable' from command line to 'False'
[2.257s] Level 5:colcon.colcon_core.verb:set package 'drone_diagnostics' build argument 'cmake_clean_cache' from command line to 'False'
[2.257s] Level 5:colcon.colcon_core.verb:set package 'drone_diagnostics' build argument 'cmake_clean_first' from command line to 'False'
[2.257s] Level 5:colcon.colcon_core.verb:set package 'drone_diagnostics' build argument 'cmake_force_configure' from command line to 'False'
[2.257s] Level 5:colcon.colcon_core.verb:set package 'drone_diagnostics' build argument 'ament_cmake_args' from command line to 'None'
[2.257s] Level 5:colcon.colcon_core.verb:set package 'drone_diagnostics' build argument 'catkin_cmake_args' from command line to 'None'
[2.257s] Level 5:colcon.colcon_core.verb:set package 'drone_diagnostics' build argument 'catkin_skip_building_tests' from command line to 'False'
[2.257s] DEBUG:colcon.colcon_core.verb:Building package 'drone_diagnostics' with the following arguments: {'ament_cmake_args': None, 'build_base': '/home/enovo_my/autonomous_drone_system/build/drone_diagnostics', 'catkin_cmake_args': None, 'catkin_skip_building_tests': False, 'cmake_args': None, 'cmake_clean_cache': False, 'cmake_clean_first': False, 'cmake_force_configure': False, 'cmake_target': None, 'cmake_target_skip_unavailable': False, 'install_base': '/home/enovo_my/autonomous_drone_system/install/drone_diagnostics', 'merge_install': False, 'path': '/home/enovo_my/autonomous_drone_system/src/drone_diagnostics', 'symlink_install': False, 'test_result_base': None}
[2.258s] Level 5:colcon.colcon_core.verb:set package 'drone_failsafe' build argument 'cmake_args' from command line to 'None'
[2.258s] Level 5:colcon.colcon_core.verb:set package 'drone_failsafe' build argument 'cmake_target' from command line to 'None'
[2.258s] Level 5:colcon.colcon_core.verb:set package 'drone_failsafe' build argument 'cmake_target_skip_unavailable' from command line to 'False'
[2.258s] Level 5:colcon.colcon_core.verb:set package 'drone_failsafe' build argument 'cmake_clean_cache' from command line to 'False'
[2.258s] Level 5:colcon.colcon_core.verb:set package 'drone_failsafe' build argument 'cmake_clean_first' from command line to 'False'
[2.258s] Level 5:colcon.colcon_core.verb:set package 'drone_failsafe' build argument 'cmake_force_configure' from command line to 'False'
[2.258s] Level 5:colcon.colcon_core.verb:set package 'drone_failsafe' build argument 'ament_cmake_args' from command line to 'None'
[2.258s] Level 5:colcon.colcon_core.verb:set package 'drone_failsafe' build argument 'catkin_cmake_args' from command line to 'None'
[2.258s] Level 5:colcon.colcon_core.verb:set package 'drone_failsafe' build argument 'catkin_skip_building_tests' from command line to 'False'
[2.258s] DEBUG:colcon.colcon_core.verb:Building package 'drone_failsafe' with the following arguments: {'ament_cmake_args': None, 'build_base': '/home/enovo_my/autonomous_drone_system/build/drone_failsafe', 'catkin_cmake_args': None, 'catkin_skip_building_tests': False, 'cmake_args': None, 'cmake_clean_cache': False, 'cmake_clean_first': False, 'cmake_force_configure': False, 'cmake_target': None, 'cmake_target_skip_unavailable': False, 'install_base': '/home/enovo_my/autonomous_drone_system/install/drone_failsafe', 'merge_install': False, 'path': '/home/enovo_my/autonomous_drone_system/src/drone_failsafe', 'symlink_install': False, 'test_result_base': None}
[2.259s] Level 5:colcon.colcon_core.verb:set package 'drone_mission' build argument 'cmake_args' from command line to 'None'
[2.259s] Level 5:colcon.colcon_core.verb:set package 'drone_mission' build argument 'cmake_target' from command line to 'None'
[2.259s] Level 5:colcon.colcon_core.verb:set package 'drone_mission' build argument 'cmake_target_skip_unavailable' from command line to 'False'
[2.259s] Level 5:colcon.colcon_core.verb:set package 'drone_mission' build argument 'cmake_clean_cache' from command line to 'False'
[2.259s] Level 5:colcon.colcon_core.verb:set package 'drone_mission' build argument 'cmake_clean_first' from command line to 'False'
[2.259s] Level 5:colcon.colcon_core.verb:set package 'drone_mission' build argument 'cmake_force_configure' from command line to 'False'
[2.259s] Level 5:colcon.colcon_core.verb:set package 'drone_mission' build argument 'ament_cmake_args' from command line to 'None'
[2.259s] Level 5:colcon.colcon_core.verb:set package 'drone_mission' build argument 'catkin_cmake_args' from command line to 'None'
[2.260s] Level 5:colcon.colcon_core.verb:set package 'drone_mission' build argument 'catkin_skip_building_tests' from command line to 'False'
[2.260s] DEBUG:colcon.colcon_core.verb:Building package 'drone_mission' with the following arguments: {'ament_cmake_args': None, 'build_base': '/home/enovo_my/autonomous_drone_system/build/drone_mission', 'catkin_cmake_args': None, 'catkin_skip_building_tests': False, 'cmake_args': None, 'cmake_clean_cache': False, 'cmake_clean_first': False, 'cmake_force_configure': False, 'cmake_target': None, 'cmake_target_skip_unavailable': False, 'install_base': '/home/enovo_my/autonomous_drone_system/install/drone_mission', 'merge_install': False, 'path': '/home/enovo_my/autonomous_drone_system/src/drone_mission', 'symlink_install': False, 'test_result_base': None}
[2.260s] Level 5:colcon.colcon_core.verb:set package 'drone_rtk' build argument 'cmake_args' from command line to 'None'
[2.260s] Level 5:colcon.colcon_core.verb:set package 'drone_rtk' build argument 'cmake_target' from command line to 'None'
[2.260s] Level 5:colcon.colcon_core.verb:set package 'drone_rtk' build argument 'cmake_target_skip_unavailable' from command line to 'False'
[2.260s] Level 5:colcon.colcon_core.verb:set package 'drone_rtk' build argument 'cmake_clean_cache' from command line to 'False'
[2.261s] Level 5:colcon.colcon_core.verb:set package 'drone_rtk' build argument 'cmake_clean_first' from command line to 'False'
[2.261s] Level 5:colcon.colcon_core.verb:set package 'drone_rtk' build argument 'cmake_force_configure' from command line to 'False'
[2.261s] Level 5:colcon.colcon_core.verb:set package 'drone_rtk' build argument 'ament_cmake_args' from command line to 'None'
[2.261s] Level 5:colcon.colcon_core.verb:set package 'drone_rtk' build argument 'catkin_cmake_args' from command line to 'None'
[2.261s] Level 5:colcon.colcon_core.verb:set package 'drone_rtk' build argument 'catkin_skip_building_tests' from command line to 'False'
[2.261s] DEBUG:colcon.colcon_core.verb:Building package 'drone_rtk' with the following arguments: {'ament_cmake_args': None, 'build_base': '/home/enovo_my/autonomous_drone_system/build/drone_rtk', 'catkin_cmake_args': None, 'catkin_skip_building_tests': False, 'cmake_args': None, 'cmake_clean_cache': False, 'cmake_clean_first': False, 'cmake_force_configure': False, 'cmake_target': None, 'cmake_target_skip_unavailable': False, 'install_base': '/home/enovo_my/autonomous_drone_system/install/drone_rtk', 'merge_install': False, 'path': '/home/enovo_my/autonomous_drone_system/src/drone_rtk', 'symlink_install': False, 'test_result_base': None}
[2.262s] Level 5:colcon.colcon_core.verb:set package 'drone_sitl' build argument 'cmake_args' from command line to 'None'
[2.262s] Level 5:colcon.colcon_core.verb:set package 'drone_sitl' build argument 'cmake_target' from command line to 'None'
[2.262s] Level 5:colcon.colcon_core.verb:set package 'drone_sitl' build argument 'cmake_target_skip_unavailable' from command line to 'False'
[2.262s] Level 5:colcon.colcon_core.verb:set package 'drone_sitl' build argument 'cmake_clean_cache' from command line to 'False'
[2.262s] Level 5:colcon.colcon_core.verb:set package 'drone_sitl' build argument 'cmake_clean_first' from command line to 'False'
[2.262s] Level 5:colcon.colcon_core.verb:set package 'drone_sitl' build argument 'cmake_force_configure' from command line to 'False'
[2.262s] Level 5:colcon.colcon_core.verb:set package 'drone_sitl' build argument 'ament_cmake_args' from command line to 'None'
[2.262s] Level 5:colcon.colcon_core.verb:set package 'drone_sitl' build argument 'catkin_cmake_args' from command line to 'None'
[2.262s] Level 5:colcon.colcon_core.verb:set package 'drone_sitl' build argument 'catkin_skip_building_tests' from command line to 'False'
[2.262s] DEBUG:colcon.colcon_core.verb:Building package 'drone_sitl' with the following arguments: {'ament_cmake_args': None, 'build_base': '/home/enovo_my/autonomous_drone_system/build/drone_sitl', 'catkin_cmake_args': None, 'catkin_skip_building_tests': False, 'cmake_args': None, 'cmake_clean_cache': False, 'cmake_clean_first': False, 'cmake_force_configure': False, 'cmake_target': None, 'cmake_target_skip_unavailable': False, 'install_base': '/home/enovo_my/autonomous_drone_system/install/drone_sitl', 'merge_install': False, 'path': '/home/enovo_my/autonomous_drone_system/src/drone_sitl', 'symlink_install': False, 'test_result_base': None}
[2.263s] Level 5:colcon.colcon_core.verb:set package 'drone_visualizer' build argument 'cmake_args' from command line to 'None'
[2.263s] Level 5:colcon.colcon_core.verb:set package 'drone_visualizer' build argument 'cmake_target' from command line to 'None'
[2.263s] Level 5:colcon.colcon_core.verb:set package 'drone_visualizer' build argument 'cmake_target_skip_unavailable' from command line to 'False'
[2.263s] Level 5:colcon.colcon_core.verb:set package 'drone_visualizer' build argument 'cmake_clean_cache' from command line to 'False'
[2.263s] Level 5:colcon.colcon_core.verb:set package 'drone_visualizer' build argument 'cmake_clean_first' from command line to 'False'
[2.263s] Level 5:colcon.colcon_core.verb:set package 'drone_visualizer' build argument 'cmake_force_configure' from command line to 'False'
[2.263s] Level 5:colcon.colcon_core.verb:set package 'drone_visualizer' build argument 'ament_cmake_args' from command line to 'None'
[2.263s] Level 5:colcon.colcon_core.verb:set package 'drone_visualizer' build argument 'catkin_cmake_args' from command line to 'None'
[2.263s] Level 5:colcon.colcon_core.verb:set package 'drone_visualizer' build argument 'catkin_skip_building_tests' from command line to 'False'
[2.263s] DEBUG:colcon.colcon_core.verb:Building package 'drone_visualizer' with the following arguments: {'ament_cmake_args': None, 'build_base': '/home/enovo_my/autonomous_drone_system/build/drone_visualizer', 'catkin_cmake_args': None, 'catkin_skip_building_tests': False, 'cmake_args': None, 'cmake_clean_cache': False, 'cmake_clean_first': False, 'cmake_force_configure': False, 'cmake_target': None, 'cmake_target_skip_unavailable': False, 'install_base': '/home/enovo_my/autonomous_drone_system/install/drone_visualizer', 'merge_install': False, 'path': '/home/enovo_my/autonomous_drone_system/src/drone_visualizer', 'symlink_install': False, 'test_result_base': None}
[2.264s] INFO:colcon.colcon_core.executor:Executing jobs using 'parallel' executor
[2.267s] DEBUG:colcon.colcon_parallel_executor.executor.parallel:run_until_complete
[2.268s] INFO:colcon.colcon_ros.task.ament_python.build:Building ROS package in '/home/enovo_my/autonomous_drone_system/src/drone_diagnostics' with build type 'ament_python'
[2.268s] Level 1:colcon.colcon_core.shell:create_environment_hook('drone_diagnostics', 'ament_prefix_path')
[2.282s] INFO:colcon.colcon_core.plugin_system:Skipping extension 'colcon_core.shell.bat': Not used on non-Windows systems
[2.283s] INFO:colcon.colcon_core.shell:Creating environment hook '/home/enovo_my/autonomous_drone_system/install/drone_diagnostics/share/drone_diagnostics/hook/ament_prefix_path.ps1'
[2.285s] INFO:colcon.colcon_core.shell:Creating environment descriptor '/home/enovo_my/autonomous_drone_system/install/drone_diagnostics/share/drone_diagnostics/hook/ament_prefix_path.dsv'
[2.287s] INFO:colcon.colcon_core.shell:Creating environment hook '/home/enovo_my/autonomous_drone_system/install/drone_diagnostics/share/drone_diagnostics/hook/ament_prefix_path.sh'
[2.289s] INFO:colcon.colcon_core.shell:Skip shell extension 'powershell' for command environment: Not usable outside of PowerShell
[2.289s] DEBUG:colcon.colcon_core.shell:Skip shell extension 'dsv' for command environment
[2.301s] INFO:colcon.colcon_ros.task.ament_python.build:Building ROS package in '/home/enovo_my/autonomous_drone_system/src/drone_failsafe' with build type 'ament_python'
[2.301s] Level 1:colcon.colcon_core.shell:create_environment_hook('drone_failsafe', 'ament_prefix_path')
[2.302s] INFO:colcon.colcon_core.shell:Creating environment hook '/home/enovo_my/autonomous_drone_system/install/drone_failsafe/share/drone_failsafe/hook/ament_prefix_path.ps1'
[2.309s] INFO:colcon.colcon_core.shell:Creating environment descriptor '/home/enovo_my/autonomous_drone_system/install/drone_failsafe/share/drone_failsafe/hook/ament_prefix_path.dsv'
[2.310s] INFO:colcon.colcon_core.shell:Creating environment hook '/home/enovo_my/autonomous_drone_system/install/drone_failsafe/share/drone_failsafe/hook/ament_prefix_path.sh'
[2.312s] INFO:colcon.colcon_core.shell:Skip shell extension 'powershell' for command environment: Not usable outside of PowerShell
[2.312s] DEBUG:colcon.colcon_core.shell:Skip shell extension 'dsv' for command environment
[2.323s] INFO:colcon.colcon_ros.task.ament_python.build:Building ROS package in '/home/enovo_my/autonomous_drone_system/src/drone_mission' with build type 'ament_python'
[2.324s] Level 1:colcon.colcon_core.shell:create_environment_hook('drone_mission', 'ament_prefix_path')
[2.325s] INFO:colcon.colcon_core.shell:Creating environment hook '/home/enovo_my/autonomous_drone_system/install/drone_mission/share/drone_mission/hook/ament_prefix_path.ps1'
[2.327s] INFO:colcon.colcon_core.shell:Creating environment descriptor '/home/enovo_my/autonomous_drone_system/install/drone_mission/share/drone_mission/hook/ament_prefix_path.dsv'
[2.329s] INFO:colcon.colcon_core.shell:Creating environment hook '/home/enovo_my/autonomous_drone_system/install/drone_mission/share/drone_mission/hook/ament_prefix_path.sh'
[2.331s] INFO:colcon.colcon_core.shell:Skip shell extension 'powershell' for command environment: Not usable outside of PowerShell
[2.331s] DEBUG:colcon.colcon_core.shell:Skip shell extension 'dsv' for command environment
[2.342s] INFO:colcon.colcon_ros.task.ament_python.build:Building ROS package in '/home/enovo_my/autonomous_drone_system/src/drone_rtk' with build type 'ament_python'
[2.343s] Level 1:colcon.colcon_core.shell:create_environment_hook('drone_rtk', 'ament_prefix_path')
[2.343s] INFO:colcon.colcon_core.shell:Creating environment hook '/home/enovo_my/autonomous_drone_system/install/drone_rtk/share/drone_rtk/hook/ament_prefix_path.ps1'
[2.345s] INFO:colcon.colcon_core.shell:Creating environment descriptor '/home/enovo_my/autonomous_drone_system/install/drone_rtk/share/drone_rtk/hook/ament_prefix_path.dsv'
[2.347s] INFO:colcon.colcon_core.shell:Creating environment hook '/home/enovo_my/autonomous_drone_system/install/drone_rtk/share/drone_rtk/hook/ament_prefix_path.sh'
[2.351s] INFO:colcon.colcon_core.shell:Skip shell extension 'powershell' for command environment: Not usable outside of PowerShell
[2.351s] DEBUG:colcon.colcon_core.shell:Skip shell extension 'dsv' for command environment
[2.361s] INFO:colcon.colcon_ros.task.ament_python.build:Building ROS package in '/home/enovo_my/autonomous_drone_system/src/drone_sitl' with build type 'ament_python'
[2.361s] Level 1:colcon.colcon_core.shell:create_environment_hook('drone_sitl', 'ament_prefix_path')
[2.363s] INFO:colcon.colcon_core.shell:Creating environment hook '/home/enovo_my/autonomous_drone_system/install/drone_sitl/share/drone_sitl/hook/ament_prefix_path.ps1'
[2.368s] INFO:colcon.colcon_core.shell:Creating environment descriptor '/home/enovo_my/autonomous_drone_system/install/drone_sitl/share/drone_sitl/hook/ament_prefix_path.dsv'
[2.369s] INFO:colcon.colcon_core.shell:Creating environment hook '/home/enovo_my/autonomous_drone_system/install/drone_sitl/share/drone_sitl/hook/ament_prefix_path.sh'
[2.370s] INFO:colcon.colcon_core.shell:Skip shell extension 'powershell' for command environment: Not usable outside of PowerShell
[2.371s] DEBUG:colcon.colcon_core.shell:Skip shell extension 'dsv' for command environment
[2.378s] INFO:colcon.colcon_ros.task.ament_python.build:Building ROS package in '/home/enovo_my/autonomous_drone_system/src/drone_visualizer' with build type 'ament_python'
[2.379s] Level 1:colcon.colcon_core.shell:create_environment_hook('drone_visualizer', 'ament_prefix_path')
[2.379s] INFO:colcon.colcon_core.shell:Creating environment hook '/home/enovo_my/autonomous_drone_system/install/drone_visualizer/share/drone_visualizer/hook/ament_prefix_path.ps1'
[2.382s] INFO:colcon.colcon_core.shell:Creating environment descriptor '/home/enovo_my/autonomous_drone_system/install/drone_visualizer/share/drone_visualizer/hook/ament_prefix_path.dsv'
[2.386s] INFO:colcon.colcon_core.shell:Creating environment hook '/home/enovo_my/autonomous_drone_system/install/drone_visualizer/share/drone_visualizer/hook/ament_prefix_path.sh'
[2.387s] INFO:colcon.colcon_core.shell:Skip shell extension 'powershell' for command environment: Not usable outside of PowerShell
[2.387s] DEBUG:colcon.colcon_core.shell:Skip shell extension 'dsv' for command environment
[3.121s] INFO:colcon.colcon_core.task.python.build:Building Python package in '/home/enovo_my/autonomous_drone_system/src/drone_diagnostics'
[3.122s] INFO:colcon.colcon_core.shell:Skip shell extension 'powershell' for command environment: Not usable outside of PowerShell
[3.122s] DEBUG:colcon.colcon_core.shell:Skip shell extension 'dsv' for command environment
[3.801s] INFO:colcon.colcon_core.task.python.build:Building Python package in '/home/enovo_my/autonomous_drone_system/src/drone_failsafe'
[3.802s] INFO:colcon.colcon_core.shell:Skip shell extension 'powershell' for command environment: Not usable outside of PowerShell
[3.802s] DEBUG:colcon.colcon_core.shell:Skip shell extension 'dsv' for command environment
[4.458s] INFO:colcon.colcon_core.task.python.build:Building Python package in '/home/enovo_my/autonomous_drone_system/src/drone_mission'
[4.458s] INFO:colcon.colcon_core.shell:Skip shell extension 'powershell' for command environment: Not usable outside of PowerShell
[4.459s] DEBUG:colcon.colcon_core.shell:Skip shell extension 'dsv' for command environment
[5.142s] INFO:colcon.colcon_core.task.python.build:Building Python package in '/home/enovo_my/autonomous_drone_system/src/drone_rtk'
[5.143s] INFO:colcon.colcon_core.shell:Skip shell extension 'powershell' for command environment: Not usable outside of PowerShell
[5.143s] DEBUG:colcon.colcon_core.shell:Skip shell extension 'dsv' for command environment
[5.815s] INFO:colcon.colcon_core.task.python.build:Building Python package in '/home/enovo_my/autonomous_drone_system/src/drone_sitl'
[5.816s] INFO:colcon.colcon_core.shell:Skip shell extension 'powershell' for command environment: Not usable outside of PowerShell
[5.816s] DEBUG:colcon.colcon_core.shell:Skip shell extension 'dsv' for command environment
[6.482s] INFO:colcon.colcon_core.task.python.build:Building Python package in '/home/enovo_my/autonomous_drone_system/src/drone_visualizer'
[6.483s] INFO:colcon.colcon_core.shell:Skip shell extension 'powershell' for command environment: Not usable outside of PowerShell
[6.483s] DEBUG:colcon.colcon_core.shell:Skip shell extension 'dsv' for command environment
[8.315s] DEBUG:colcon.colcon_core.event_handler.log_command:Invoking command in '/home/enovo_my/autonomous_drone_system/src/drone_rtk': PYTHONPATH=/home/enovo_my/autonomous_drone_system/build/drone_rtk/prefix_override:/usr/lib/python3/dist-packages/colcon_core/task/python/colcon_distutils_commands:/home/enovo_my/autonomous_drone_system/install/drone_rtk/lib/python3.10/site-packages:${PYTHONPATH} /usr/bin/python3 -W ignore:setup.py install is deprecated -W ignore:easy_install command is deprecated setup.py egg_info --egg-base ../../build/drone_rtk build --build-base /home/enovo_my/autonomous_drone_system/build/drone_rtk/build install --record /home/enovo_my/autonomous_drone_system/build/drone_rtk/install.log --single-version-externally-managed install_data
[8.348s] DEBUG:colcon.colcon_core.event_handler.log_command:Invoking command in '/home/enovo_my/autonomous_drone_system/src/drone_diagnostics': PYTHONPATH=/home/enovo_my/autonomous_drone_system/build/drone_diagnostics/prefix_override:/usr/lib/python3/dist-packages/colcon_core/task/python/colcon_distutils_commands:/home/enovo_my/autonomous_drone_system/install/drone_diagnostics/lib/python3.10/site-packages:${PYTHONPATH} /usr/bin/python3 -W ignore:setup.py install is deprecated -W ignore:easy_install command is deprecated setup.py egg_info --egg-base ../../build/drone_diagnostics build --build-base /home/enovo_my/autonomous_drone_system/build/drone_diagnostics/build install --record /home/enovo_my/autonomous_drone_system/build/drone_diagnostics/install.log --single-version-externally-managed install_data
[8.363s] DEBUG:colcon.colcon_core.event_handler.log_command:Invoking command in '/home/enovo_my/autonomous_drone_system/src/drone_failsafe': PYTHONPATH=/home/enovo_my/autonomous_drone_system/build/drone_failsafe/prefix_override:/usr/lib/python3/dist-packages/colcon_core/task/python/colcon_distutils_commands:/home/enovo_my/autonomous_drone_system/install/drone_failsafe/lib/python3.10/site-packages:${PYTHONPATH} /usr/bin/python3 -W ignore:setup.py install is deprecated -W ignore:easy_install command is deprecated setup.py egg_info --egg-base ../../build/drone_failsafe build --build-base /home/enovo_my/autonomous_drone_system/build/drone_failsafe/build install --record /home/enovo_my/autonomous_drone_system/build/drone_failsafe/install.log --single-version-externally-managed install_data
[8.377s] DEBUG:colcon.colcon_core.event_handler.log_command:Invoking command in '/home/enovo_my/autonomous_drone_system/src/drone_sitl': PYTHONPATH=/home/enovo_my/autonomous_drone_system/build/drone_sitl/prefix_override:/usr/lib/python3/dist-packages/colcon_core/task/python/colcon_distutils_commands:/home/enovo_my/autonomous_drone_system/install/drone_sitl/lib/python3.10/site-packages:${PYTHONPATH} /usr/bin/python3 -W ignore:setup.py install is deprecated -W ignore:easy_install command is deprecated setup.py egg_info --egg-base ../../build/drone_sitl build --build-base /home/enovo_my/autonomous_drone_system/build/drone_sitl/build install --record /home/enovo_my/autonomous_drone_system/build/drone_sitl/install.log --single-version-externally-managed install_data
[8.392s] DEBUG:colcon.colcon_core.event_handler.log_command:Invoking command in '/home/enovo_my/autonomous_drone_system/src/drone_mission': PYTHONPATH=/home/enovo_my/autonomous_drone_system/build/drone_mission/prefix_override:/usr/lib/python3/dist-packages/colcon_core/task/python/colcon_distutils_commands:/home/enovo_my/autonomous_drone_system/install/drone_mission/lib/python3.10/site-packages:${PYTHONPATH} /usr/bin/python3 -W ignore:setup.py install is deprecated -W ignore:easy_install command is deprecated setup.py egg_info --egg-base ../../build/drone_mission build --build-base /home/enovo_my/autonomous_drone_system/build/drone_mission/build install --record /home/enovo_my/autonomous_drone_system/build/drone_mission/install.log --single-version-externally-managed install_data
[8.408s] DEBUG:colcon.colcon_core.event_handler.log_command:Invoking command in '/home/enovo_my/autonomous_drone_system/src/drone_visualizer': PYTHONPATH=/home/enovo_my/autonomous_drone_system/build/drone_visualizer/prefix_override:/usr/lib/python3/dist-packages/colcon_core/task/python/colcon_distutils_commands:/home/enovo_my/autonomous_drone_system/install/drone_visualizer/lib/python3.10/site-packages:${PYTHONPATH} /usr/bin/python3 -W ignore:setup.py install is deprecated -W ignore:easy_install command is deprecated setup.py egg_info --egg-base ../../build/drone_visualizer build --build-base /home/enovo_my/autonomous_drone_system/build/drone_visualizer/build install --record /home/enovo_my/autonomous_drone_system/build/drone_visualizer/install.log --single-version-externally-managed install_data
[9.809s] DEBUG:colcon.colcon_core.event_handler.log_command:Invoked command in '/home/enovo_my/autonomous_drone_system/src/drone_sitl' returned '0': PYTHONPATH=/home/enovo_my/autonomous_drone_system/build/drone_sitl/prefix_override:/usr/lib/python3/dist-packages/colcon_core/task/python/colcon_distutils_commands:/home/enovo_my/autonomous_drone_system/install/drone_sitl/lib/python3.10/site-packages:${PYTHONPATH} /usr/bin/python3 -W ignore:setup.py install is deprecated -W ignore:easy_install command is deprecated setup.py egg_info --egg-base ../../build/drone_sitl build --build-base /home/enovo_my/autonomous_drone_system/build/drone_sitl/build install --record /home/enovo_my/autonomous_drone_system/build/drone_sitl/install.log --single-version-externally-managed install_data
[9.851s] Level 1:colcon.colcon_core.environment:checking '/home/enovo_my/autonomous_drone_system/install/drone_sitl' for CMake module files
[9.853s] Level 1:colcon.colcon_core.environment:checking '/home/enovo_my/autonomous_drone_system/install/drone_sitl' for CMake config files
[9.855s] Level 1:colcon.colcon_core.environment:checking '/home/enovo_my/autonomous_drone_system/install/drone_sitl/lib'
[9.855s] Level 1:colcon.colcon_core.environment:checking '/home/enovo_my/autonomous_drone_system/install/drone_sitl/bin'
[9.855s] Level 1:colcon.colcon_core.environment:checking '/home/enovo_my/autonomous_drone_system/install/drone_sitl/lib/pkgconfig/drone_sitl.pc'
[9.856s] Level 1:colcon.colcon_core.environment:checking '/home/enovo_my/autonomous_drone_system/install/drone_sitl/lib/python3.10/site-packages'
[9.856s] Level 1:colcon.colcon_core.shell:create_environment_hook('drone_sitl', 'pythonpath')
[9.857s] INFO:colcon.colcon_core.shell:Creating environment hook '/home/enovo_my/autonomous_drone_system/install/drone_sitl/share/drone_sitl/hook/pythonpath.ps1'
[9.859s] INFO:colcon.colcon_core.shell:Creating environment descriptor '/home/enovo_my/autonomous_drone_system/install/drone_sitl/share/drone_sitl/hook/pythonpath.dsv'
[9.861s] INFO:colcon.colcon_core.shell:Creating environment hook '/home/enovo_my/autonomous_drone_system/install/drone_sitl/share/drone_sitl/hook/pythonpath.sh'
[9.863s] Level 1:colcon.colcon_core.environment:checking '/home/enovo_my/autonomous_drone_system/install/drone_sitl/bin'
[9.863s] Level 1:colcon.colcon_core.environment:create_environment_scripts_only(drone_sitl)
[9.864s] INFO:colcon.colcon_core.shell:Creating package script '/home/enovo_my/autonomous_drone_system/install/drone_sitl/share/drone_sitl/package.ps1'
[9.868s] INFO:colcon.colcon_core.shell:Creating package descriptor '/home/enovo_my/autonomous_drone_system/install/drone_sitl/share/drone_sitl/package.dsv'
[9.870s] INFO:colcon.colcon_core.shell:Creating package script '/home/enovo_my/autonomous_drone_system/install/drone_sitl/share/drone_sitl/package.sh'
[9.872s] INFO:colcon.colcon_core.shell:Creating package script '/home/enovo_my/autonomous_drone_system/install/drone_sitl/share/drone_sitl/package.bash'
[9.876s] INFO:colcon.colcon_core.shell:Creating package script '/home/enovo_my/autonomous_drone_system/install/drone_sitl/share/drone_sitl/package.zsh'
[9.880s] Level 1:colcon.colcon_core.environment:create_file_with_runtime_dependencies(/home/enovo_my/autonomous_drone_system/install/drone_sitl/share/colcon-core/packages/drone_sitl)
[9.883s] Level 1:colcon.colcon_core.environment:checking '/home/enovo_my/autonomous_drone_system/install/drone_rtk' for CMake module files
[9.889s] DEBUG:colcon.colcon_core.event_handler.log_command:Invoked command in '/home/enovo_my/autonomous_drone_system/src/drone_rtk' returned '0': PYTHONPATH=/home/enovo_my/autonomous_drone_system/build/drone_rtk/prefix_override:/usr/lib/python3/dist-packages/colcon_core/task/python/colcon_distutils_commands:/home/enovo_my/autonomous_drone_system/install/drone_rtk/lib/python3.10/site-packages:${PYTHONPATH} /usr/bin/python3 -W ignore:setup.py install is deprecated -W ignore:easy_install command is deprecated setup.py egg_info --egg-base ../../build/drone_rtk build --build-base /home/enovo_my/autonomous_drone_system/build/drone_rtk/build install --record /home/enovo_my/autonomous_drone_system/build/drone_rtk/install.log --single-version-externally-managed install_data
[9.890s] Level 1:colcon.colcon_core.environment:checking '/home/enovo_my/autonomous_drone_system/install/drone_rtk' for CMake config files
[9.892s] Level 1:colcon.colcon_core.environment:checking '/home/enovo_my/autonomous_drone_system/install/drone_rtk/lib'
[9.893s] Level 1:colcon.colcon_core.environment:checking '/home/enovo_my/autonomous_drone_system/install/drone_rtk/bin'
[9.893s] Level 1:colcon.colcon_core.environment:checking '/home/enovo_my/autonomous_drone_system/install/drone_rtk/lib/pkgconfig/drone_rtk.pc'
[9.894s] Level 1:colcon.colcon_core.environment:checking '/home/enovo_my/autonomous_drone_system/install/drone_rtk/lib/python3.10/site-packages'
[9.895s] Level 1:colcon.colcon_core.shell:create_environment_hook('drone_rtk', 'pythonpath')
[9.896s] INFO:colcon.colcon_core.shell:Creating environment hook '/home/enovo_my/autonomous_drone_system/install/drone_rtk/share/drone_rtk/hook/pythonpath.ps1'
[9.898s] INFO:colcon.colcon_core.shell:Creating environment descriptor '/home/enovo_my/autonomous_drone_system/install/drone_rtk/share/drone_rtk/hook/pythonpath.dsv'
[9.899s] INFO:colcon.colcon_core.shell:Creating environment hook '/home/enovo_my/autonomous_drone_system/install/drone_rtk/share/drone_rtk/hook/pythonpath.sh'
[9.901s] Level 1:colcon.colcon_core.environment:checking '/home/enovo_my/autonomous_drone_system/install/drone_rtk/bin'
[9.902s] Level 1:colcon.colcon_core.environment:create_environment_scripts_only(drone_rtk)
[9.903s] INFO:colcon.colcon_core.shell:Creating package script '/home/enovo_my/autonomous_drone_system/install/drone_rtk/share/drone_rtk/package.ps1'
[9.905s] INFO:colcon.colcon_core.shell:Creating package descriptor '/home/enovo_my/autonomous_drone_system/install/drone_rtk/share/drone_rtk/package.dsv'
[9.908s] INFO:colcon.colcon_core.shell:Creating package script '/home/enovo_my/autonomous_drone_system/install/drone_rtk/share/drone_rtk/package.sh'
[9.913s] INFO:colcon.colcon_core.shell:Creating package script '/home/enovo_my/autonomous_drone_system/install/drone_rtk/share/drone_rtk/package.bash'
[9.917s] INFO:colcon.colcon_core.shell:Creating package script '/home/enovo_my/autonomous_drone_system/install/drone_rtk/share/drone_rtk/package.zsh'
[9.919s] Level 1:colcon.colcon_core.environment:create_file_with_runtime_dependencies(/home/enovo_my/autonomous_drone_system/install/drone_rtk/share/colcon-core/packages/drone_rtk)
[9.929s] Level 1:colcon.colcon_core.environment:checking '/home/enovo_my/autonomous_drone_system/install/drone_diagnostics' for CMake module files
[9.934s] DEBUG:colcon.colcon_core.event_handler.log_command:Invoked command in '/home/enovo_my/autonomous_drone_system/src/drone_diagnostics' returned '0': PYTHONPATH=/home/enovo_my/autonomous_drone_system/build/drone_diagnostics/prefix_override:/usr/lib/python3/dist-packages/colcon_core/task/python/colcon_distutils_commands:/home/enovo_my/autonomous_drone_system/install/drone_diagnostics/lib/python3.10/site-packages:${PYTHONPATH} /usr/bin/python3 -W ignore:setup.py install is deprecated -W ignore:easy_install command is deprecated setup.py egg_info --egg-base ../../build/drone_diagnostics build --build-base /home/enovo_my/autonomous_drone_system/build/drone_diagnostics/build install --record /home/enovo_my/autonomous_drone_system/build/drone_diagnostics/install.log --single-version-externally-managed install_data
[9.935s] Level 1:colcon.colcon_core.environment:checking '/home/enovo_my/autonomous_drone_system/install/drone_diagnostics' for CMake config files
[9.938s] Level 1:colcon.colcon_core.environment:checking '/home/enovo_my/autonomous_drone_system/install/drone_diagnostics/lib'
[9.938s] Level 1:colcon.colcon_core.environment:checking '/home/enovo_my/autonomous_drone_system/install/drone_diagnostics/bin'
[9.938s] Level 1:colcon.colcon_core.environment:checking '/home/enovo_my/autonomous_drone_system/install/drone_diagnostics/lib/pkgconfig/drone_diagnostics.pc'
[9.939s] Level 1:colcon.colcon_core.environment:checking '/home/enovo_my/autonomous_drone_system/install/drone_diagnostics/lib/python3.10/site-packages'
[9.939s] Level 1:colcon.colcon_core.shell:create_environment_hook('drone_diagnostics', 'pythonpath')
[9.940s] INFO:colcon.colcon_core.shell:Creating environment hook '/home/enovo_my/autonomous_drone_system/install/drone_diagnostics/share/drone_diagnostics/hook/pythonpath.ps1'
[9.943s] INFO:colcon.colcon_core.shell:Creating environment descriptor '/home/enovo_my/autonomous_drone_system/install/drone_diagnostics/share/drone_diagnostics/hook/pythonpath.dsv'
[9.945s] INFO:colcon.colcon_core.shell:Creating environment hook '/home/enovo_my/autonomous_drone_system/install/drone_diagnostics/share/drone_diagnostics/hook/pythonpath.sh'
[9.949s] Level 1:colcon.colcon_core.environment:checking '/home/enovo_my/autonomous_drone_system/install/drone_diagnostics/bin'
[9.949s] Level 1:colcon.colcon_core.environment:create_environment_scripts_only(drone_diagnostics)
[9.951s] INFO:colcon.colcon_core.shell:Creating package script '/home/enovo_my/autonomous_drone_system/install/drone_diagnostics/share/drone_diagnostics/package.ps1'
[9.954s] INFO:colcon.colcon_core.shell:Creating package descriptor '/home/enovo_my/autonomous_drone_system/install/drone_diagnostics/share/drone_diagnostics/package.dsv'
[9.956s] INFO:colcon.colcon_core.shell:Creating package script '/home/enovo_my/autonomous_drone_system/install/drone_diagnostics/share/drone_diagnostics/package.sh'
[9.957s] INFO:colcon.colcon_core.shell:Creating package script '/home/enovo_my/autonomous_drone_system/install/drone_diagnostics/share/drone_diagnostics/package.bash'
[9.959s] INFO:colcon.colcon_core.shell:Creating package script '/home/enovo_my/autonomous_drone_system/install/drone_diagnostics/share/drone_diagnostics/package.zsh'
[9.961s] Level 1:colcon.colcon_core.environment:create_file_with_runtime_dependencies(/home/enovo_my/autonomous_drone_system/install/drone_diagnostics/share/colcon-core/packages/drone_diagnostics)
[9.965s] Level 1:colcon.colcon_core.environment:checking '/home/enovo_my/autonomous_drone_system/install/drone_mission' for CMake module files
[9.971s] Level 1:colcon.colcon_core.environment:checking '/home/enovo_my/autonomous_drone_system/install/drone_mission' for CMake config files
[9.972s] DEBUG:colcon.colcon_core.event_handler.log_command:Invoked command in '/home/enovo_my/autonomous_drone_system/src/drone_mission' returned '0': PYTHONPATH=/home/enovo_my/autonomous_drone_system/build/drone_mission/prefix_override:/usr/lib/python3/dist-packages/colcon_core/task/python/colcon_distutils_commands:/home/enovo_my/autonomous_drone_system/install/drone_mission/lib/python3.10/site-packages:${PYTHONPATH} /usr/bin/python3 -W ignore:setup.py install is deprecated -W ignore:easy_install command is deprecated setup.py egg_info --egg-base ../../build/drone_mission build --build-base /home/enovo_my/autonomous_drone_system/build/drone_mission/build install --record /home/enovo_my/autonomous_drone_system/build/drone_mission/install.log --single-version-externally-managed install_data
[9.976s] Level 1:colcon.colcon_core.environment:checking '/home/enovo_my/autonomous_drone_system/install/drone_mission/lib'
[9.976s] Level 1:colcon.colcon_core.environment:checking '/home/enovo_my/autonomous_drone_system/install/drone_mission/bin'
[9.977s] Level 1:colcon.colcon_core.environment:checking '/home/enovo_my/autonomous_drone_system/install/drone_mission/lib/pkgconfig/drone_mission.pc'
[9.978s] Level 1:colcon.colcon_core.environment:checking '/home/enovo_my/autonomous_drone_system/install/drone_mission/lib/python3.10/site-packages'
[9.978s] Level 1:colcon.colcon_core.shell:create_environment_hook('drone_mission', 'pythonpath')
[9.979s] INFO:colcon.colcon_core.shell:Creating environment hook '/home/enovo_my/autonomous_drone_system/install/drone_mission/share/drone_mission/hook/pythonpath.ps1'
[9.981s] INFO:colcon.colcon_core.shell:Creating environment descriptor '/home/enovo_my/autonomous_drone_system/install/drone_mission/share/drone_mission/hook/pythonpath.dsv'
[9.983s] INFO:colcon.colcon_core.shell:Creating environment hook '/home/enovo_my/autonomous_drone_system/install/drone_mission/share/drone_mission/hook/pythonpath.sh'
[9.986s] Level 1:colcon.colcon_core.environment:checking '/home/enovo_my/autonomous_drone_system/install/drone_mission/bin'
[9.986s] Level 1:colcon.colcon_core.environment:create_environment_scripts_only(drone_mission)
[9.987s] INFO:colcon.colcon_core.shell:Creating package script '/home/enovo_my/autonomous_drone_system/install/drone_mission/share/drone_mission/package.ps1'
[9.990s] INFO:colcon.colcon_core.shell:Creating package descriptor '/home/enovo_my/autonomous_drone_system/install/drone_mission/share/drone_mission/package.dsv'
[9.992s] INFO:colcon.colcon_core.shell:Creating package script '/home/enovo_my/autonomous_drone_system/install/drone_mission/share/drone_mission/package.sh'
[9.995s] INFO:colcon.colcon_core.shell:Creating package script '/home/enovo_my/autonomous_drone_system/install/drone_mission/share/drone_mission/package.bash'
[9.996s] INFO:colcon.colcon_core.shell:Creating package script '/home/enovo_my/autonomous_drone_system/install/drone_mission/share/drone_mission/package.zsh'
[9.998s] Level 1:colcon.colcon_core.environment:create_file_with_runtime_dependencies(/home/enovo_my/autonomous_drone_system/install/drone_mission/share/colcon-core/packages/drone_mission)
[10.026s] Level 1:colcon.colcon_core.environment:checking '/home/enovo_my/autonomous_drone_system/install/drone_visualizer' for CMake module files
[10.028s] DEBUG:colcon.colcon_core.event_handler.log_command:Invoked command in '/home/enovo_my/autonomous_drone_system/src/drone_visualizer' returned '0': PYTHONPATH=/home/enovo_my/autonomous_drone_system/build/drone_visualizer/prefix_override:/usr/lib/python3/dist-packages/colcon_core/task/python/colcon_distutils_commands:/home/enovo_my/autonomous_drone_system/install/drone_visualizer/lib/python3.10/site-packages:${PYTHONPATH} /usr/bin/python3 -W ignore:setup.py install is deprecated -W ignore:easy_install command is deprecated setup.py egg_info --egg-base ../../build/drone_visualizer build --build-base /home/enovo_my/autonomous_drone_system/build/drone_visualizer/build install --record /home/enovo_my/autonomous_drone_system/build/drone_visualizer/install.log --single-version-externally-managed install_data
[10.030s] Level 1:colcon.colcon_core.environment:checking '/home/enovo_my/autonomous_drone_system/install/drone_visualizer' for CMake config files
[10.032s] Level 1:colcon.colcon_core.environment:checking '/home/enovo_my/autonomous_drone_system/install/drone_visualizer/lib'
[10.033s] Level 1:colcon.colcon_core.environment:checking '/home/enovo_my/autonomous_drone_system/install/drone_visualizer/bin'
[10.033s] Level 1:colcon.colcon_core.environment:checking '/home/enovo_my/autonomous_drone_system/install/drone_visualizer/lib/pkgconfig/drone_visualizer.pc'
[10.034s] Level 1:colcon.colcon_core.environment:checking '/home/enovo_my/autonomous_drone_system/install/drone_visualizer/lib/python3.10/site-packages'
[10.035s] Level 1:colcon.colcon_core.shell:create_environment_hook('drone_visualizer', 'pythonpath')
[10.035s] INFO:colcon.colcon_core.shell:Creating environment hook '/home/enovo_my/autonomous_drone_system/install/drone_visualizer/share/drone_visualizer/hook/pythonpath.ps1'
[10.038s] INFO:colcon.colcon_core.shell:Creating environment descriptor '/home/enovo_my/autonomous_drone_system/install/drone_visualizer/share/drone_visualizer/hook/pythonpath.dsv'
[10.040s] INFO:colcon.colcon_core.shell:Creating environment hook '/home/enovo_my/autonomous_drone_system/install/drone_visualizer/share/drone_visualizer/hook/pythonpath.sh'
[10.044s] Level 1:colcon.colcon_core.environment:checking '/home/enovo_my/autonomous_drone_system/install/drone_visualizer/bin'
[10.044s] Level 1:colcon.colcon_core.environment:create_environment_scripts_only(drone_visualizer)
[10.045s] INFO:colcon.colcon_core.shell:Creating package script '/home/enovo_my/autonomous_drone_system/install/drone_visualizer/share/drone_visualizer/package.ps1'
[10.047s] INFO:colcon.colcon_core.shell:Creating package descriptor '/home/enovo_my/autonomous_drone_system/install/drone_visualizer/share/drone_visualizer/package.dsv'
[10.049s] INFO:colcon.colcon_core.shell:Creating package script '/home/enovo_my/autonomous_drone_system/install/drone_visualizer/share/drone_visualizer/package.sh'
[10.050s] INFO:colcon.colcon_core.shell:Creating package script '/home/enovo_my/autonomous_drone_system/install/drone_visualizer/share/drone_visualizer/package.bash'
[10.052s] INFO:colcon.colcon_core.shell:Creating package script '/home/enovo_my/autonomous_drone_system/install/drone_visualizer/share/drone_visualizer/package.zsh'
[10.053s] Level 1:colcon.colcon_core.environment:create_file_with_runtime_dependencies(/home/enovo_my/autonomous_drone_system/install/drone_visualizer/share/colcon-core/packages/drone_visualizer)
[10.059s] Level 1:colcon.colcon_core.environment:checking '/home/enovo_my/autonomous_drone_system/install/drone_failsafe' for CMake module files
[10.065s] DEBUG:colcon.colcon_core.event_handler.log_command:Invoked command in '/home/enovo_my/autonomous_drone_system/src/drone_failsafe' returned '0': PYTHONPATH=/home/enovo_my/autonomous_drone_system/build/drone_failsafe/prefix_override:/usr/lib/python3/dist-packages/colcon_core/task/python/colcon_distutils_commands:/home/enovo_my/autonomous_drone_system/install/drone_failsafe/lib/python3.10/site-packages:${PYTHONPATH} /usr/bin/python3 -W ignore:setup.py install is deprecated -W ignore:easy_install command is deprecated setup.py egg_info --egg-base ../../build/drone_failsafe build --build-base /home/enovo_my/autonomous_drone_system/build/drone_failsafe/build install --record /home/enovo_my/autonomous_drone_system/build/drone_failsafe/install.log --single-version-externally-managed install_data
[10.066s] Level 1:colcon.colcon_core.environment:checking '/home/enovo_my/autonomous_drone_system/install/drone_failsafe' for CMake config files
[10.067s] Level 1:colcon.colcon_core.environment:checking '/home/enovo_my/autonomous_drone_system/install/drone_failsafe/lib'
[10.067s] Level 1:colcon.colcon_core.environment:checking '/home/enovo_my/autonomous_drone_system/install/drone_failsafe/bin'
[10.067s] Level 1:colcon.colcon_core.environment:checking '/home/enovo_my/autonomous_drone_system/install/drone_failsafe/lib/pkgconfig/drone_failsafe.pc'
[10.068s] Level 1:colcon.colcon_core.environment:checking '/home/enovo_my/autonomous_drone_system/install/drone_failsafe/lib/python3.10/site-packages'
[10.068s] Level 1:colcon.colcon_core.shell:create_environment_hook('drone_failsafe', 'pythonpath')
[10.068s] INFO:colcon.colcon_core.shell:Creating environment hook '/home/enovo_my/autonomous_drone_system/install/drone_failsafe/share/drone_failsafe/hook/pythonpath.ps1'
[10.069s] INFO:colcon.colcon_core.shell:Creating environment descriptor '/home/enovo_my/autonomous_drone_system/install/drone_failsafe/share/drone_failsafe/hook/pythonpath.dsv'
[10.070s] INFO:colcon.colcon_core.shell:Creating environment hook '/home/enovo_my/autonomous_drone_system/install/drone_failsafe/share/drone_failsafe/hook/pythonpath.sh'
[10.072s] Level 1:colcon.colcon_core.environment:checking '/home/enovo_my/autonomous_drone_system/install/drone_failsafe/bin'
[10.073s] Level 1:colcon.colcon_core.environment:create_environment_scripts_only(drone_failsafe)
[10.073s] INFO:colcon.colcon_core.shell:Creating package script '/home/enovo_my/autonomous_drone_system/install/drone_failsafe/share/drone_failsafe/package.ps1'
[10.076s] INFO:colcon.colcon_core.shell:Creating package descriptor '/home/enovo_my/autonomous_drone_system/install/drone_failsafe/share/drone_failsafe/package.dsv'
[10.078s] INFO:colcon.colcon_core.shell:Creating package script '/home/enovo_my/autonomous_drone_system/install/drone_failsafe/share/drone_failsafe/package.sh'
[10.079s] INFO:colcon.colcon_core.shell:Creating package script '/home/enovo_my/autonomous_drone_system/install/drone_failsafe/share/drone_failsafe/package.bash'
[10.080s] INFO:colcon.colcon_core.shell:Creating package script '/home/enovo_my/autonomous_drone_system/install/drone_failsafe/share/drone_failsafe/package.zsh'
[10.081s] Level 1:colcon.colcon_core.environment:create_file_with_runtime_dependencies(/home/enovo_my/autonomous_drone_system/install/drone_failsafe/share/colcon-core/packages/drone_failsafe)
[10.085s] DEBUG:colcon.colcon_parallel_executor.executor.parallel:closing loop
[10.087s] DEBUG:colcon.colcon_parallel_executor.executor.parallel:loop closed
[10.088s] DEBUG:colcon.colcon_parallel_executor.executor.parallel:run_until_complete finished with '0'
[10.088s] DEBUG:colcon.colcon_core.event_reactor:joining thread
[10.331s] INFO:colcon.colcon_core.plugin_system:Skipping extension 'colcon_notification.desktop_notification.notify_send': Could not find 'notify-send'
[10.332s] INFO:colcon.colcon_core.plugin_system:Skipping extension 'colcon_notification.desktop_notification.terminal_notifier': Not used on non-Darwin systems
[10.332s] INFO:colcon.colcon_core.plugin_system:Skipping extension 'colcon_notification.desktop_notification.win32': Not used on non-Windows systems
[10.332s] INFO:colcon.colcon_notification.desktop_notification:Sending desktop notification using 'notify2'
[10.334s] DEBUG:colcon.colcon_notification.desktop_notification.notify2:Failed to initialize notify2: org.freedesktop.DBus.Error.AccessDenied: Failed to connect to socket /run/user/1000/bus: Permission denied
[10.334s] DEBUG:colcon.colcon_core.event_reactor:joined thread
[10.335s] INFO:colcon.colcon_core.shell:Creating prefix script '/home/enovo_my/autonomous_drone_system/install/local_setup.ps1'
[10.338s] INFO:colcon.colcon_core.shell:Creating prefix util module '/home/enovo_my/autonomous_drone_system/install/_local_setup_util_ps1.py'
[10.341s] INFO:colcon.colcon_core.shell:Creating prefix chain script '/home/enovo_my/autonomous_drone_system/install/setup.ps1'
[10.348s] INFO:colcon.colcon_core.shell:Creating prefix script '/home/enovo_my/autonomous_drone_system/install/local_setup.sh'
[10.349s] INFO:colcon.colcon_core.shell:Creating prefix util module '/home/enovo_my/autonomous_drone_system/install/_local_setup_util_sh.py'
[10.351s] INFO:colcon.colcon_core.shell:Creating prefix chain script '/home/enovo_my/autonomous_drone_system/install/setup.sh'
[10.356s] INFO:colcon.colcon_core.shell:Creating prefix script '/home/enovo_my/autonomous_drone_system/install/local_setup.bash'
[10.358s] INFO:colcon.colcon_core.shell:Creating prefix chain script '/home/enovo_my/autonomous_drone_system/install/setup.bash'
[10.363s] INFO:colcon.colcon_core.shell:Creating prefix script '/home/enovo_my/autonomous_drone_system/install/local_setup.zsh'
[10.365s] INFO:colcon.colcon_core.shell:Creating prefix chain script '/home/enovo_my/autonomous_drone_system/install/setup.zsh'
